<?xml version="1.0" encoding="UTF-8"?>
<robot generator="Robot 7.2.2 (Python 3.13.3 on win32)" generated="2025-05-20T17:14:51.670529" rpa="false" schemaversion="5">
<suite id="s1" name="Tests" source="C:\Users\Lenovo\Desktop\SauceDemo-Project\Tests">
<suite id="s1-s1" name="ProductpageTest" source="C:\Users\Lenovo\Desktop\SauceDemo-Project\Tests\ProductpageTest.robot">
<test id="s1-s1-t1" name="verify the about page" line="19">
<kw name="Open the Browser with URL" owner="GenericResources" type="SETUP">
<kw name="Create Webdriver" owner="SeleniumLibrary">
<msg time="2025-05-20T17:14:52.388129" level="INFO">Creating an instance of the Firefox WebDriver.</msg>
<arg>${browser_name}</arg>
<doc>Creates an instance of Selenium WebDriver.</doc>
<status status="PASS" start="2025-05-20T17:14:52.387635" elapsed="26.930893"/>
</kw>
<kw name="Go To" owner="SeleniumLibrary">
<msg time="2025-05-20T17:15:19.320305" level="INFO">Opening url 'https://www.saucedemo.com/'</msg>
<arg>${url}</arg>
<doc>Navigates the current browser window to the provided ``url``.</doc>
<status status="PASS" start="2025-05-20T17:15:19.319275" elapsed="20.737796"/>
</kw>
<kw name="Maximize Browser Window" owner="SeleniumLibrary">
<doc>Maximizes current browser window.</doc>
<status status="PASS" start="2025-05-20T17:15:40.057588" elapsed="0.664004"/>
</kw>
<kw name="Set Selenium Implicit Wait" owner="SeleniumLibrary">
<arg>5</arg>
<doc>Sets the implicit wait value used by Selenium.</doc>
<status status="PASS" start="2025-05-20T17:15:40.722101" elapsed="0.005211"/>
</kw>
<status status="PASS" start="2025-05-20T17:14:52.386341" elapsed="48.341475"/>
</kw>
<kw name="Fill the login form" owner="LoginPageResource">
<kw name="Input Text" owner="SeleniumLibrary">
<msg time="2025-05-20T17:15:40.731615" level="INFO">Typing text 'standard_user' into text field 'id:user-name'.</msg>
<arg>id:user-name</arg>
<arg>${username}</arg>
<doc>Types the given ``text`` into the text field identified by ``locator``.</doc>
<status status="PASS" start="2025-05-20T17:15:40.730473" elapsed="0.958681"/>
</kw>
<kw name="Input Password" owner="SeleniumLibrary">
<msg time="2025-05-20T17:15:41.690568" level="INFO">Typing password into text field 'id:password'.</msg>
<msg time="2025-05-20T17:15:41.709884" level="INFO">Temporally setting log level to: NONE</msg>
<arg>id:password</arg>
<arg>${password}</arg>
<doc>Types the given password into the text field identified by ``locator``.</doc>
<status status="PASS" start="2025-05-20T17:15:41.689627" elapsed="0.126749"/>
</kw>
<kw name="Click Button" owner="SeleniumLibrary">
<msg time="2025-05-20T17:15:41.817734" level="INFO">Clicking button 'id:login-button'.</msg>
<arg>id:login-button</arg>
<doc>Clicks the button identified by ``locator``.</doc>
<status status="PASS" start="2025-05-20T17:15:41.816878" elapsed="0.778431"/>
</kw>
<arg>username=standard_user</arg>
<arg>password=secret_sauce</arg>
<status status="PASS" start="2025-05-20T17:15:40.729186" elapsed="1.866449"/>
</kw>
<kw name="Click the Menu button in the product page" owner="ProductpageResource">
<kw name="Click Element" owner="SeleniumLibrary">
<msg time="2025-05-20T17:15:42.598317" level="INFO">Clicking element 'id:react-burger-menu-btn'.</msg>
<arg>${menu-bar}</arg>
<doc>Click the element identified by ``locator``.</doc>
<status status="PASS" start="2025-05-20T17:15:42.597415" elapsed="0.567090"/>
</kw>
<status status="PASS" start="2025-05-20T17:15:42.596113" elapsed="0.568693"/>
</kw>
<kw name="Click the about page" owner="ProductpageResource">
<kw name="Click Element" owner="SeleniumLibrary">
<msg time="2025-05-20T17:15:43.167081" level="INFO">Clicking element 'id:about_sidebar_link'.</msg>
<arg>${about}</arg>
<doc>Click the element identified by ``locator``.</doc>
<status status="PASS" start="2025-05-20T17:15:43.166406" elapsed="17.750689"/>
</kw>
<status status="PASS" start="2025-05-20T17:15:43.165235" elapsed="17.752298"/>
</kw>
<kw name="Element Text Should Be" owner="SeleniumLibrary">
<msg time="2025-05-20T17:16:00.919141" level="INFO">Verifying element '//h1[@class='MuiTypography-root MuiTypography-h1 css-152qxt']' contains exact text 'Build apps users love with AI-driven insights'.</msg>
<arg>locator=//h1[@class='MuiTypography-root MuiTypography-h1 css-152qxt']</arg>
<arg>expected=Build apps users love with AI-driven insights</arg>
<doc>Verifies that element ``locator`` contains exact the text ``expected``.</doc>
<status status="PASS" start="2025-05-20T17:16:00.917994" elapsed="0.044947"/>
</kw>
<kw name="Close browser session" owner="GenericResources" type="TEARDOWN">
<kw name="Close Browser" owner="SeleniumLibrary">
<doc>Closes the current browser.</doc>
<status status="PASS" start="2025-05-20T17:16:00.964684" elapsed="6.983151"/>
</kw>
<status status="PASS" start="2025-05-20T17:16:00.963759" elapsed="6.984375"/>
</kw>
<tag>aboutpage</tag>
<status status="PASS" start="2025-05-20T17:14:52.384448" elapsed="75.563880"/>
</test>
<doc>Product page tests</doc>
<status status="PASS" start="2025-05-20T17:14:51.737074" elapsed="76.213000"/>
</suite>
<status status="PASS" start="2025-05-20T17:14:51.710758" elapsed="76.241328"/>
</suite>
<statistics>
<total>
<stat pass="1" fail="0" skip="0">All Tests</stat>
</total>
<tag>
<stat pass="1" fail="0" skip="0">aboutpage</stat>
</tag>
<suite>
<stat name="Tests" id="s1" pass="1" fail="0" skip="0">Tests</stat>
<stat name="ProductpageTest" id="s1-s1" pass="1" fail="0" skip="0">Tests.ProductpageTest</stat>
</suite>
</statistics>
<errors>
</errors>
</robot>
