<?xml version="1.0" encoding="UTF-8"?>
<robot generator="Robot 7.2.2 (Python 3.13.3 on win32)" generated="2025-05-20T17:14:54.747475" rpa="false" schemaversion="5">
<suite id="s1" name="Tests" source="C:\Users\Lenovo\Desktop\SauceDemo-Project\Tests">
<suite id="s1-s1" name="LoginPageTest" source="C:\Users\Lenovo\Desktop\SauceDemo-Project\Tests\LoginPageTest.robot">
<test id="s1-s1-t1" name="Validate Login with" line="16">
<kw name="Open the Browser with URL" owner="GenericResources" type="SETUP">
<kw name="Create Webdriver" owner="SeleniumLibrary">
<msg time="2025-05-20T17:14:57.344445" level="INFO">Creating an instance of the Firefox WebDriver.</msg>
<arg>${browser_name}</arg>
<doc>Creates an instance of Selenium WebDriver.</doc>
<status status="PASS" start="2025-05-20T17:14:57.343503" elapsed="43.775403"/>
</kw>
<kw name="Go To" owner="SeleniumLibrary">
<msg time="2025-05-20T17:15:41.193176" level="INFO">Opening url 'https://www.saucedemo.com/'</msg>
<arg>${url}</arg>
<doc>Navigates the current browser window to the provided ``url``.</doc>
<status status="PASS" start="2025-05-20T17:15:41.178249" elapsed="16.401712"/>
</kw>
<kw name="Maximize Browser Window" owner="SeleniumLibrary">
<doc>Maximizes current browser window.</doc>
<status status="PASS" start="2025-05-20T17:15:57.581696" elapsed="0.777854"/>
</kw>
<kw name="Set Selenium Implicit Wait" owner="SeleniumLibrary">
<arg>5</arg>
<doc>Sets the implicit wait value used by Selenium.</doc>
<status status="PASS" start="2025-05-20T17:15:58.362363" elapsed="0.021665"/>
</kw>
<status status="PASS" start="2025-05-20T17:14:57.340465" elapsed="61.051411"/>
</kw>
<kw name="Validate Login in sauce demo">
<kw name="Fill the login form" owner="LoginPageResource">
<kw name="Input Text" owner="SeleniumLibrary">
<msg time="2025-05-20T17:15:58.455977" level="INFO">Typing text 'standard_user' into text field 'id:user-name'.</msg>
<arg>id:user-name</arg>
<arg>${username}</arg>
<doc>Types the given ``text`` into the text field identified by ``locator``.</doc>
<status status="PASS" start="2025-05-20T17:15:58.419620" elapsed="0.498277"/>
</kw>
<kw name="Input Password" owner="SeleniumLibrary">
<msg time="2025-05-20T17:15:58.919643" level="INFO">Typing password into text field 'id:password'.</msg>
<msg time="2025-05-20T17:15:59.024566" level="INFO">Temporally setting log level to: NONE</msg>
<arg>id:password</arg>
<arg>${password}</arg>
<doc>Types the given password into the text field identified by ``locator``.</doc>
<status status="PASS" start="2025-05-20T17:15:58.918483" elapsed="0.165101"/>
</kw>
<kw name="Click Button" owner="SeleniumLibrary">
<msg time="2025-05-20T17:15:59.085057" level="INFO">Clicking button 'id:login-button'.</msg>
<arg>id:login-button</arg>
<doc>Clicks the button identified by ``locator``.</doc>
<status status="PASS" start="2025-05-20T17:15:59.084078" elapsed="0.437848"/>
</kw>
<arg>${username}</arg>
<arg>${password}</arg>
<status status="PASS" start="2025-05-20T17:15:58.416803" elapsed="1.105374"/>
</kw>
<if>
<branch type="IF" condition="'${username}' == 'standard_user' or '${username}'=='performance_glitch_user' or '${username}'=='error_user' or '${username}'=='visual_user' or '${username}'=='problem_user'">
<kw name="Verify the user is successfully logged in" owner="LoginPageResource">
<kw name="Element Text Should Be" owner="SeleniumLibrary">
<msg time="2025-05-20T17:15:59.542506" level="INFO">Verifying element 'xpath://div[@class='header_secondary_container']//span' contains exact text 'Products'.</msg>
<arg>${products}</arg>
<arg>Products</arg>
<doc>Verifies that element ``locator`` contains exact the text ``expected``.</doc>
<status status="PASS" start="2025-05-20T17:15:59.541578" elapsed="0.119428"/>
</kw>
<status status="PASS" start="2025-05-20T17:15:59.540028" elapsed="0.121274"/>
</kw>
<status status="PASS" start="2025-05-20T17:15:59.525177" elapsed="0.136220"/>
</branch>
<branch type="ELSE IF" condition="'${username}' == 'locked_out_user'">
<kw name="Verify the user get the error message by locked" owner="LoginPageResource">
<status status="NOT RUN" start="2025-05-20T17:15:59.669258" elapsed="0.000302"/>
</kw>
<status status="NOT RUN" start="2025-05-20T17:15:59.668417" elapsed="0.001276"/>
</branch>
<branch type="ELSE IF" condition="'${password}' == 'secret'">
<kw name="Verify the user get error message by empty username" owner="LoginPageResource">
<status status="NOT RUN" start="2025-05-20T17:15:59.673132" elapsed="0.000514"/>
</kw>
<status status="NOT RUN" start="2025-05-20T17:15:59.669856" elapsed="0.003957"/>
</branch>
<branch type="ELSE IF" condition="'${username}' == 'abc'">
<kw name="Verify the user get error message by empty password" owner="LoginPageResource">
<status status="NOT RUN" start="2025-05-20T17:15:59.676203" elapsed="0.004211"/>
</kw>
<status status="NOT RUN" start="2025-05-20T17:15:59.673940" elapsed="0.006616"/>
</branch>
<branch type="ELSE IF" condition="'${username}' == ''">
<kw name="Verify the user get error message by empty username" owner="LoginPageResource">
<status status="NOT RUN" start="2025-05-20T17:15:59.681162" elapsed="0.000232"/>
</kw>
<status status="NOT RUN" start="2025-05-20T17:15:59.680676" elapsed="0.000800"/>
</branch>
<status status="PASS" start="2025-05-20T17:15:59.523307" elapsed="0.158235"/>
</if>
<arg>username=standard_user</arg>
<arg>password=secret_sauce</arg>
<status status="PASS" start="2025-05-20T17:15:58.408414" elapsed="1.279528"/>
</kw>
<kw name="Close browser session" owner="GenericResources" type="TEARDOWN">
<kw name="Close Browser" owner="SeleniumLibrary">
<doc>Closes the current browser.</doc>
<status status="PASS" start="2025-05-20T17:15:59.726220" elapsed="8.327513"/>
</kw>
<status status="PASS" start="2025-05-20T17:15:59.724077" elapsed="8.329949"/>
</kw>
<status status="PASS" start="2025-05-20T17:14:57.280579" elapsed="70.773691"/>
</test>
<test id="s1-s1-t2" name="Validate Login with" line="16">
<kw name="Open the Browser with URL" owner="GenericResources" type="SETUP">
<kw name="Create Webdriver" owner="SeleniumLibrary">
<msg time="2025-05-20T17:16:08.071806" level="INFO">Creating an instance of the Firefox WebDriver.</msg>
<arg>${browser_name}</arg>
<doc>Creates an instance of Selenium WebDriver.</doc>
<status status="PASS" start="2025-05-20T17:16:08.070958" elapsed="22.568837"/>
</kw>
<kw name="Go To" owner="SeleniumLibrary">
<msg time="2025-05-20T17:16:30.641232" level="INFO">Opening url 'https://www.saucedemo.com/'</msg>
<arg>${url}</arg>
<doc>Navigates the current browser window to the provided ``url``.</doc>
<status status="PASS" start="2025-05-20T17:16:30.640502" elapsed="1.460308"/>
</kw>
<kw name="Maximize Browser Window" owner="SeleniumLibrary">
<doc>Maximizes current browser window.</doc>
<status status="PASS" start="2025-05-20T17:16:32.101281" elapsed="0.315337"/>
</kw>
<kw name="Set Selenium Implicit Wait" owner="SeleniumLibrary">
<arg>5</arg>
<doc>Sets the implicit wait value used by Selenium.</doc>
<status status="PASS" start="2025-05-20T17:16:32.417255" elapsed="0.017058"/>
</kw>
<status status="PASS" start="2025-05-20T17:16:08.069008" elapsed="24.365630"/>
</kw>
<kw name="Validate Login in sauce demo">
<kw name="Fill the login form" owner="LoginPageResource">
<kw name="Input Text" owner="SeleniumLibrary">
<msg time="2025-05-20T17:16:32.438859" level="INFO">Typing text 'locked_out_user' into text field 'id:user-name'.</msg>
<arg>id:user-name</arg>
<arg>${username}</arg>
<doc>Types the given ``text`` into the text field identified by ``locator``.</doc>
<status status="PASS" start="2025-05-20T17:16:32.438147" elapsed="0.190999"/>
</kw>
<kw name="Input Password" owner="SeleniumLibrary">
<msg time="2025-05-20T17:16:32.630404" level="INFO">Typing password into text field 'id:password'.</msg>
<msg time="2025-05-20T17:16:32.644020" level="INFO">Temporally setting log level to: NONE</msg>
<arg>id:password</arg>
<arg>${password}</arg>
<doc>Types the given password into the text field identified by ``locator``.</doc>
<status status="PASS" start="2025-05-20T17:16:32.629538" elapsed="0.051552"/>
</kw>
<kw name="Click Button" owner="SeleniumLibrary">
<msg time="2025-05-20T17:16:32.684608" level="INFO">Clicking button 'id:login-button'.</msg>
<arg>id:login-button</arg>
<doc>Clicks the button identified by ``locator``.</doc>
<status status="PASS" start="2025-05-20T17:16:32.683473" elapsed="0.307355"/>
</kw>
<arg>${username}</arg>
<arg>${password}</arg>
<status status="PASS" start="2025-05-20T17:16:32.437033" elapsed="0.554003"/>
</kw>
<if>
<branch type="IF" condition="'${username}' == 'standard_user' or '${username}'=='performance_glitch_user' or '${username}'=='error_user' or '${username}'=='visual_user' or '${username}'=='problem_user'">
<kw name="Verify the user is successfully logged in" owner="LoginPageResource">
<status status="NOT RUN" start="2025-05-20T17:16:32.994364" elapsed="0.000400"/>
</kw>
<status status="NOT RUN" start="2025-05-20T17:16:32.991272" elapsed="0.003628"/>
</branch>
<branch type="ELSE IF" condition="'${username}' == 'locked_out_user'">
<kw name="Verify the user get the error message by locked" owner="LoginPageResource">
<kw name="Element Text Should Be" owner="SeleniumLibrary">
<msg time="2025-05-20T17:16:32.997337" level="INFO">Verifying element 'xpath://h3[@data-test='error']' contains exact text 'Epic sadface: Sorry, this user has been locked out.'.</msg>
<arg>${error_message}</arg>
<arg>Epic sadface: Sorry, this user has been locked out.</arg>
<doc>Verifies that element ``locator`` contains exact the text ``expected``.</doc>
<status status="PASS" start="2025-05-20T17:16:32.996622" elapsed="0.026369"/>
</kw>
<status status="PASS" start="2025-05-20T17:16:32.995891" elapsed="0.027351"/>
</kw>
<status status="PASS" start="2025-05-20T17:16:32.995031" elapsed="0.028347"/>
</branch>
<branch type="ELSE IF" condition="'${password}' == 'secret'">
<kw name="Verify the user get error message by empty username" owner="LoginPageResource">
<status status="NOT RUN" start="2025-05-20T17:16:33.024161" elapsed="0.000362"/>
</kw>
<status status="NOT RUN" start="2025-05-20T17:16:33.023475" elapsed="0.001174"/>
</branch>
<branch type="ELSE IF" condition="'${username}' == 'abc'">
<kw name="Verify the user get error message by empty password" owner="LoginPageResource">
<status status="NOT RUN" start="2025-05-20T17:16:33.025326" elapsed="0.000281"/>
</kw>
<status status="NOT RUN" start="2025-05-20T17:16:33.024767" elapsed="0.000935"/>
</branch>
<branch type="ELSE IF" condition="'${username}' == ''">
<kw name="Verify the user get error message by empty username" owner="LoginPageResource">
<status status="NOT RUN" start="2025-05-20T17:16:33.026193" elapsed="0.000194"/>
</kw>
<status status="NOT RUN" start="2025-05-20T17:16:33.025781" elapsed="0.000861"/>
</branch>
<status status="PASS" start="2025-05-20T17:16:32.991215" elapsed="0.035550"/>
</if>
<arg>username=locked_out_user</arg>
<arg>password=secret_sauce</arg>
<status status="PASS" start="2025-05-20T17:16:32.435833" elapsed="0.591094"/>
</kw>
<kw name="Close browser session" owner="GenericResources" type="TEARDOWN">
<kw name="Close Browser" owner="SeleniumLibrary">
<doc>Closes the current browser.</doc>
<status status="PASS" start="2025-05-20T17:16:33.028103" elapsed="3.509566"/>
</kw>
<status status="PASS" start="2025-05-20T17:16:33.027446" elapsed="3.510511"/>
</kw>
<status status="PASS" start="2025-05-20T17:16:08.059876" elapsed="28.478246"/>
</test>
<test id="s1-s1-t3" name="Validate Login with" line="16">
<kw name="Open the Browser with URL" owner="GenericResources" type="SETUP">
<kw name="Create Webdriver" owner="SeleniumLibrary">
<msg time="2025-05-20T17:16:36.542639" level="INFO">Creating an instance of the Firefox WebDriver.</msg>
<arg>${browser_name}</arg>
<doc>Creates an instance of Selenium WebDriver.</doc>
<status status="PASS" start="2025-05-20T17:16:36.542068" elapsed="14.573869"/>
</kw>
<kw name="Go To" owner="SeleniumLibrary">
<msg time="2025-05-20T17:16:51.117379" level="INFO">Opening url 'https://www.saucedemo.com/'</msg>
<arg>${url}</arg>
<doc>Navigates the current browser window to the provided ``url``.</doc>
<status status="PASS" start="2025-05-20T17:16:51.116580" elapsed="1.332162"/>
</kw>
<kw name="Maximize Browser Window" owner="SeleniumLibrary">
<doc>Maximizes current browser window.</doc>
<status status="PASS" start="2025-05-20T17:16:52.450075" elapsed="0.308053"/>
</kw>
<kw name="Set Selenium Implicit Wait" owner="SeleniumLibrary">
<arg>5</arg>
<doc>Sets the implicit wait value used by Selenium.</doc>
<status status="PASS" start="2025-05-20T17:16:52.758582" elapsed="0.005943"/>
</kw>
<status status="PASS" start="2025-05-20T17:16:36.541172" elapsed="16.223689"/>
</kw>
<kw name="Validate Login in sauce demo">
<kw name="Fill the login form" owner="LoginPageResource">
<kw name="Input Text" owner="SeleniumLibrary">
<msg time="2025-05-20T17:16:52.769368" level="INFO">Typing text 'problem_user' into text field 'id:user-name'.</msg>
<arg>id:user-name</arg>
<arg>${username}</arg>
<doc>Types the given ``text`` into the text field identified by ``locator``.</doc>
<status status="PASS" start="2025-05-20T17:16:52.768425" elapsed="0.374355"/>
</kw>
<kw name="Input Password" owner="SeleniumLibrary">
<msg time="2025-05-20T17:16:53.144076" level="INFO">Typing password into text field 'id:password'.</msg>
<msg time="2025-05-20T17:16:53.159843" level="INFO">Temporally setting log level to: NONE</msg>
<arg>id:password</arg>
<arg>${password}</arg>
<doc>Types the given password into the text field identified by ``locator``.</doc>
<status status="PASS" start="2025-05-20T17:16:53.143259" elapsed="0.104864"/>
</kw>
<kw name="Click Button" owner="SeleniumLibrary">
<msg time="2025-05-20T17:16:53.249231" level="INFO">Clicking button 'id:login-button'.</msg>
<arg>id:login-button</arg>
<doc>Clicks the button identified by ``locator``.</doc>
<status status="PASS" start="2025-05-20T17:16:53.248550" elapsed="0.454841"/>
</kw>
<arg>${username}</arg>
<arg>${password}</arg>
<status status="PASS" start="2025-05-20T17:16:52.767130" elapsed="0.936542"/>
</kw>
<if>
<branch type="IF" condition="'${username}' == 'standard_user' or '${username}'=='performance_glitch_user' or '${username}'=='error_user' or '${username}'=='visual_user' or '${username}'=='problem_user'">
<kw name="Verify the user is successfully logged in" owner="LoginPageResource">
<kw name="Element Text Should Be" owner="SeleniumLibrary">
<msg time="2025-05-20T17:16:53.707464" level="INFO">Verifying element 'xpath://div[@class='header_secondary_container']//span' contains exact text 'Products'.</msg>
<arg>${products}</arg>
<arg>Products</arg>
<doc>Verifies that element ``locator`` contains exact the text ``expected``.</doc>
<status status="PASS" start="2025-05-20T17:16:53.706760" elapsed="0.028581"/>
</kw>
<status status="PASS" start="2025-05-20T17:16:53.705511" elapsed="0.030141"/>
</kw>
<status status="PASS" start="2025-05-20T17:16:53.703954" elapsed="0.031821"/>
</branch>
<branch type="ELSE IF" condition="'${username}' == 'locked_out_user'">
<kw name="Verify the user get the error message by locked" owner="LoginPageResource">
<status status="NOT RUN" start="2025-05-20T17:16:53.736621" elapsed="0.000296"/>
</kw>
<status status="NOT RUN" start="2025-05-20T17:16:53.735905" elapsed="0.001150"/>
</branch>
<branch type="ELSE IF" condition="'${password}' == 'secret'">
<kw name="Verify the user get error message by empty username" owner="LoginPageResource">
<status status="NOT RUN" start="2025-05-20T17:16:53.737752" elapsed="0.000282"/>
</kw>
<status status="NOT RUN" start="2025-05-20T17:16:53.737201" elapsed="0.000983"/>
</branch>
<branch type="ELSE IF" condition="'${username}' == 'abc'">
<kw name="Verify the user get error message by empty password" owner="LoginPageResource">
<status status="NOT RUN" start="2025-05-20T17:16:53.738836" elapsed="0.000332"/>
</kw>
<status status="NOT RUN" start="2025-05-20T17:16:53.738311" elapsed="0.000982"/>
</branch>
<branch type="ELSE IF" condition="'${username}' == ''">
<kw name="Verify the user get error message by empty username" owner="LoginPageResource">
<status status="NOT RUN" start="2025-05-20T17:16:53.739976" elapsed="0.000620"/>
</kw>
<status status="NOT RUN" start="2025-05-20T17:16:53.739407" elapsed="0.001351"/>
</branch>
<status status="PASS" start="2025-05-20T17:16:53.703890" elapsed="0.036998"/>
</if>
<arg>username=problem_user</arg>
<arg>password=secret_sauce</arg>
<status status="PASS" start="2025-05-20T17:16:52.765495" elapsed="0.975632"/>
</kw>
<kw name="Close browser session" owner="GenericResources" type="TEARDOWN">
<kw name="Close Browser" owner="SeleniumLibrary">
<doc>Closes the current browser.</doc>
<status status="PASS" start="2025-05-20T17:16:53.742818" elapsed="3.547081"/>
</kw>
<status status="PASS" start="2025-05-20T17:16:53.741797" elapsed="3.548409"/>
</kw>
<status status="PASS" start="2025-05-20T17:16:36.538803" elapsed="20.751563"/>
</test>
<test id="s1-s1-t4" name="Validate Login with" line="16">
<kw name="Open the Browser with URL" owner="GenericResources" type="SETUP">
<kw name="Create Webdriver" owner="SeleniumLibrary">
<msg time="2025-05-20T17:16:57.296787" level="INFO">Creating an instance of the Firefox WebDriver.</msg>
<arg>${browser_name}</arg>
<doc>Creates an instance of Selenium WebDriver.</doc>
<status status="PASS" start="2025-05-20T17:16:57.295912" elapsed="22.108993"/>
</kw>
<kw name="Go To" owner="SeleniumLibrary">
<msg time="2025-05-20T17:17:19.406415" level="INFO">Opening url 'https://www.saucedemo.com/'</msg>
<arg>${url}</arg>
<doc>Navigates the current browser window to the provided ``url``.</doc>
<status status="PASS" start="2025-05-20T17:17:19.405425" elapsed="1.403451"/>
</kw>
<kw name="Maximize Browser Window" owner="SeleniumLibrary">
<doc>Maximizes current browser window.</doc>
<status status="PASS" start="2025-05-20T17:17:20.809350" elapsed="0.309468"/>
</kw>
<kw name="Set Selenium Implicit Wait" owner="SeleniumLibrary">
<arg>5</arg>
<doc>Sets the implicit wait value used by Selenium.</doc>
<status status="PASS" start="2025-05-20T17:17:21.119304" elapsed="0.008043"/>
</kw>
<status status="PASS" start="2025-05-20T17:16:57.294712" elapsed="23.833043"/>
</kw>
<kw name="Validate Login in sauce demo">
<kw name="Fill the login form" owner="LoginPageResource">
<kw name="Input Text" owner="SeleniumLibrary">
<msg time="2025-05-20T17:17:21.132906" level="INFO">Typing text 'performance_glitch_user' into text field 'id:user-name'.</msg>
<arg>id:user-name</arg>
<arg>${username}</arg>
<doc>Types the given ``text`` into the text field identified by ``locator``.</doc>
<status status="PASS" start="2025-05-20T17:17:21.131930" elapsed="0.182986"/>
</kw>
<kw name="Input Password" owner="SeleniumLibrary">
<msg time="2025-05-20T17:17:21.316157" level="INFO">Typing password into text field 'id:password'.</msg>
<msg time="2025-05-20T17:17:21.331813" level="INFO">Temporally setting log level to: NONE</msg>
<arg>id:password</arg>
<arg>${password}</arg>
<doc>Types the given password into the text field identified by ``locator``.</doc>
<status status="PASS" start="2025-05-20T17:17:21.315344" elapsed="0.058507"/>
</kw>
<kw name="Click Button" owner="SeleniumLibrary">
<msg time="2025-05-20T17:17:21.374865" level="INFO">Clicking button 'id:login-button'.</msg>
<arg>id:login-button</arg>
<doc>Clicks the button identified by ``locator``.</doc>
<status status="PASS" start="2025-05-20T17:17:21.374219" elapsed="5.329794"/>
</kw>
<arg>${username}</arg>
<arg>${password}</arg>
<status status="PASS" start="2025-05-20T17:17:21.130300" elapsed="5.574031"/>
</kw>
<if>
<branch type="IF" condition="'${username}' == 'standard_user' or '${username}'=='performance_glitch_user' or '${username}'=='error_user' or '${username}'=='visual_user' or '${username}'=='problem_user'">
<kw name="Verify the user is successfully logged in" owner="LoginPageResource">
<kw name="Element Text Should Be" owner="SeleniumLibrary">
<msg time="2025-05-20T17:17:26.707543" level="INFO">Verifying element 'xpath://div[@class='header_secondary_container']//span' contains exact text 'Products'.</msg>
<arg>${products}</arg>
<arg>Products</arg>
<doc>Verifies that element ``locator`` contains exact the text ``expected``.</doc>
<status status="PASS" start="2025-05-20T17:17:26.706747" elapsed="0.022224"/>
</kw>
<status status="PASS" start="2025-05-20T17:17:26.705855" elapsed="0.023340"/>
</kw>
<status status="PASS" start="2025-05-20T17:17:26.704595" elapsed="0.024667"/>
</branch>
<branch type="ELSE IF" condition="'${username}' == 'locked_out_user'">
<kw name="Verify the user get the error message by locked" owner="LoginPageResource">
<status status="NOT RUN" start="2025-05-20T17:17:26.729801" elapsed="0.000156"/>
</kw>
<status status="NOT RUN" start="2025-05-20T17:17:26.729333" elapsed="0.000695"/>
</branch>
<branch type="ELSE IF" condition="'${password}' == 'secret'">
<kw name="Verify the user get error message by empty username" owner="LoginPageResource">
<status status="NOT RUN" start="2025-05-20T17:17:26.730364" elapsed="0.000127"/>
</kw>
<status status="NOT RUN" start="2025-05-20T17:17:26.730091" elapsed="0.000465"/>
</branch>
<branch type="ELSE IF" condition="'${username}' == 'abc'">
<kw name="Verify the user get error message by empty password" owner="LoginPageResource">
<status status="NOT RUN" start="2025-05-20T17:17:26.730926" elapsed="0.000119"/>
</kw>
<status status="NOT RUN" start="2025-05-20T17:17:26.730630" elapsed="0.000475"/>
</branch>
<branch type="ELSE IF" condition="'${username}' == ''">
<kw name="Verify the user get error message by empty username" owner="LoginPageResource">
<status status="NOT RUN" start="2025-05-20T17:17:26.731407" elapsed="0.000146"/>
</kw>
<status status="NOT RUN" start="2025-05-20T17:17:26.731162" elapsed="0.000668"/>
</branch>
<status status="PASS" start="2025-05-20T17:17:26.704534" elapsed="0.027420"/>
</if>
<arg>username=performance_glitch_user</arg>
<arg>password=secret_sauce</arg>
<status status="PASS" start="2025-05-20T17:17:21.128614" elapsed="5.603634"/>
</kw>
<kw name="Close browser session" owner="GenericResources" type="TEARDOWN">
<kw name="Close Browser" owner="SeleniumLibrary">
<doc>Closes the current browser.</doc>
<status status="PASS" start="2025-05-20T17:17:26.733938" elapsed="16.171402"/>
</kw>
<status status="PASS" start="2025-05-20T17:17:26.732845" elapsed="16.172835"/>
</kw>
<status status="PASS" start="2025-05-20T17:16:57.291117" elapsed="45.614724"/>
</test>
<test id="s1-s1-t5" name="Validate Login with" line="16">
<kw name="Open the Browser with URL" owner="GenericResources" type="SETUP">
<kw name="Create Webdriver" owner="SeleniumLibrary">
<msg time="2025-05-20T17:17:42.910171" level="INFO">Creating an instance of the Firefox WebDriver.</msg>
<arg>${browser_name}</arg>
<doc>Creates an instance of Selenium WebDriver.</doc>
<status status="PASS" start="2025-05-20T17:17:42.909593" elapsed="7.749087"/>
</kw>
<kw name="Go To" owner="SeleniumLibrary">
<msg time="2025-05-20T17:17:50.660046" level="INFO">Opening url 'https://www.saucedemo.com/'</msg>
<arg>${url}</arg>
<doc>Navigates the current browser window to the provided ``url``.</doc>
<status status="PASS" start="2025-05-20T17:17:50.659108" elapsed="2.562315"/>
</kw>
<kw name="Maximize Browser Window" owner="SeleniumLibrary">
<doc>Maximizes current browser window.</doc>
<status status="PASS" start="2025-05-20T17:17:53.221848" elapsed="0.559779"/>
</kw>
<kw name="Set Selenium Implicit Wait" owner="SeleniumLibrary">
<arg>5</arg>
<doc>Sets the implicit wait value used by Selenium.</doc>
<status status="PASS" start="2025-05-20T17:17:53.782141" elapsed="0.005786"/>
</kw>
<status status="PASS" start="2025-05-20T17:17:42.908837" elapsed="10.879373"/>
</kw>
<kw name="Validate Login in sauce demo">
<kw name="Fill the login form" owner="LoginPageResource">
<kw name="Input Text" owner="SeleniumLibrary">
<msg time="2025-05-20T17:17:53.791500" level="INFO">Typing text 'error_user' into text field 'id:user-name'.</msg>
<arg>id:user-name</arg>
<arg>${username}</arg>
<doc>Types the given ``text`` into the text field identified by ``locator``.</doc>
<status status="PASS" start="2025-05-20T17:17:53.790781" elapsed="0.360818"/>
</kw>
<kw name="Input Password" owner="SeleniumLibrary">
<msg time="2025-05-20T17:17:54.153038" level="INFO">Typing password into text field 'id:password'.</msg>
<msg time="2025-05-20T17:17:54.165621" level="INFO">Temporally setting log level to: NONE</msg>
<arg>id:password</arg>
<arg>${password}</arg>
<doc>Types the given password into the text field identified by ``locator``.</doc>
<status status="PASS" start="2025-05-20T17:17:54.152189" elapsed="0.072574"/>
</kw>
<kw name="Click Button" owner="SeleniumLibrary">
<msg time="2025-05-20T17:17:54.225850" level="INFO">Clicking button 'id:login-button'.</msg>
<arg>id:login-button</arg>
<doc>Clicks the button identified by ``locator``.</doc>
<status status="PASS" start="2025-05-20T17:17:54.225152" elapsed="0.571185"/>
</kw>
<arg>${username}</arg>
<arg>${password}</arg>
<status status="PASS" start="2025-05-20T17:17:53.789871" elapsed="1.006752"/>
</kw>
<if>
<branch type="IF" condition="'${username}' == 'standard_user' or '${username}'=='performance_glitch_user' or '${username}'=='error_user' or '${username}'=='visual_user' or '${username}'=='problem_user'">
<kw name="Verify the user is successfully logged in" owner="LoginPageResource">
<kw name="Element Text Should Be" owner="SeleniumLibrary">
<msg time="2025-05-20T17:17:54.800327" level="INFO">Verifying element 'xpath://div[@class='header_secondary_container']//span' contains exact text 'Products'.</msg>
<arg>${products}</arg>
<arg>Products</arg>
<doc>Verifies that element ``locator`` contains exact the text ``expected``.</doc>
<status status="PASS" start="2025-05-20T17:17:54.799498" elapsed="0.027183"/>
</kw>
<status status="PASS" start="2025-05-20T17:17:54.798360" elapsed="0.028622"/>
</kw>
<status status="PASS" start="2025-05-20T17:17:54.796894" elapsed="0.030208"/>
</branch>
<branch type="ELSE IF" condition="'${username}' == 'locked_out_user'">
<kw name="Verify the user get the error message by locked" owner="LoginPageResource">
<status status="NOT RUN" start="2025-05-20T17:17:54.827861" elapsed="0.000270"/>
</kw>
<status status="NOT RUN" start="2025-05-20T17:17:54.827225" elapsed="0.001031"/>
</branch>
<branch type="ELSE IF" condition="'${password}' == 'secret'">
<kw name="Verify the user get error message by empty username" owner="LoginPageResource">
<status status="NOT RUN" start="2025-05-20T17:17:54.828882" elapsed="0.000261"/>
</kw>
<status status="NOT RUN" start="2025-05-20T17:17:54.828358" elapsed="0.000901"/>
</branch>
<branch type="ELSE IF" condition="'${username}' == 'abc'">
<kw name="Verify the user get error message by empty password" owner="LoginPageResource">
<status status="NOT RUN" start="2025-05-20T17:17:54.829864" elapsed="0.000255"/>
</kw>
<status status="NOT RUN" start="2025-05-20T17:17:54.829351" elapsed="0.000898"/>
</branch>
<branch type="ELSE IF" condition="'${username}' == ''">
<kw name="Verify the user get error message by empty username" owner="LoginPageResource">
<status status="NOT RUN" start="2025-05-20T17:17:54.830892" elapsed="0.000277"/>
</kw>
<status status="NOT RUN" start="2025-05-20T17:17:54.830358" elapsed="0.000930"/>
</branch>
<status status="PASS" start="2025-05-20T17:17:54.796826" elapsed="0.034555"/>
</if>
<arg>username=error_user</arg>
<arg>password=secret_sauce</arg>
<status status="PASS" start="2025-05-20T17:17:53.788768" elapsed="1.042759"/>
</kw>
<kw name="Close browser session" owner="GenericResources" type="TEARDOWN">
<kw name="Close Browser" owner="SeleniumLibrary">
<doc>Closes the current browser.</doc>
<status status="PASS" start="2025-05-20T17:17:54.833251" elapsed="10.734458"/>
</kw>
<status status="PASS" start="2025-05-20T17:17:54.832180" elapsed="10.735894"/>
</kw>
<status status="PASS" start="2025-05-20T17:17:42.906549" elapsed="22.661699"/>
</test>
<test id="s1-s1-t6" name="Validate Login with" line="16">
<kw name="Open the Browser with URL" owner="GenericResources" type="SETUP">
<kw name="Create Webdriver" owner="SeleniumLibrary">
<msg time="2025-05-20T17:18:05.573519" level="INFO">Creating an instance of the Firefox WebDriver.</msg>
<arg>${browser_name}</arg>
<doc>Creates an instance of Selenium WebDriver.</doc>
<status status="PASS" start="2025-05-20T17:18:05.572842" elapsed="8.424400"/>
</kw>
<kw name="Go To" owner="SeleniumLibrary">
<msg time="2025-05-20T17:18:13.998355" level="INFO">Opening url 'https://www.saucedemo.com/'</msg>
<arg>${url}</arg>
<doc>Navigates the current browser window to the provided ``url``.</doc>
<status status="PASS" start="2025-05-20T17:18:13.997667" elapsed="2.363623"/>
</kw>
<kw name="Maximize Browser Window" owner="SeleniumLibrary">
<doc>Maximizes current browser window.</doc>
<status status="PASS" start="2025-05-20T17:18:16.361749" elapsed="0.304338"/>
</kw>
<kw name="Set Selenium Implicit Wait" owner="SeleniumLibrary">
<arg>5</arg>
<doc>Sets the implicit wait value used by Selenium.</doc>
<status status="PASS" start="2025-05-20T17:18:16.666502" elapsed="0.006383"/>
</kw>
<status status="PASS" start="2025-05-20T17:18:05.571723" elapsed="11.101573"/>
</kw>
<kw name="Validate Login in sauce demo">
<kw name="Fill the login form" owner="LoginPageResource">
<kw name="Input Text" owner="SeleniumLibrary">
<msg time="2025-05-20T17:18:16.677048" level="INFO">Typing text 'visual_user' into text field 'id:user-name'.</msg>
<arg>id:user-name</arg>
<arg>${username}</arg>
<doc>Types the given ``text`` into the text field identified by ``locator``.</doc>
<status status="PASS" start="2025-05-20T17:18:16.676287" elapsed="0.362499"/>
</kw>
<kw name="Input Password" owner="SeleniumLibrary">
<msg time="2025-05-20T17:18:17.040177" level="INFO">Typing password into text field 'id:password'.</msg>
<msg time="2025-05-20T17:18:17.061652" level="INFO">Temporally setting log level to: NONE</msg>
<arg>id:password</arg>
<arg>${password}</arg>
<doc>Types the given password into the text field identified by ``locator``.</doc>
<status status="PASS" start="2025-05-20T17:18:17.039340" elapsed="0.111003"/>
</kw>
<kw name="Click Button" owner="SeleniumLibrary">
<msg time="2025-05-20T17:18:17.151439" level="INFO">Clicking button 'id:login-button'.</msg>
<arg>id:login-button</arg>
<doc>Clicks the button identified by ``locator``.</doc>
<status status="PASS" start="2025-05-20T17:18:17.150741" elapsed="0.416502"/>
</kw>
<arg>${username}</arg>
<arg>${password}</arg>
<status status="PASS" start="2025-05-20T17:18:16.675189" elapsed="0.892393"/>
</kw>
<if>
<branch type="IF" condition="'${username}' == 'standard_user' or '${username}'=='performance_glitch_user' or '${username}'=='error_user' or '${username}'=='visual_user' or '${username}'=='problem_user'">
<kw name="Verify the user is successfully logged in" owner="LoginPageResource">
<kw name="Element Text Should Be" owner="SeleniumLibrary">
<msg time="2025-05-20T17:18:17.570738" level="INFO">Verifying element 'xpath://div[@class='header_secondary_container']//span' contains exact text 'Products'.</msg>
<arg>${products}</arg>
<arg>Products</arg>
<doc>Verifies that element ``locator`` contains exact the text ``expected``.</doc>
<status status="PASS" start="2025-05-20T17:18:17.570039" elapsed="0.022829"/>
</kw>
<status status="PASS" start="2025-05-20T17:18:17.569186" elapsed="0.024042"/>
</kw>
<status status="PASS" start="2025-05-20T17:18:17.567891" elapsed="0.025465"/>
</branch>
<branch type="ELSE IF" condition="'${username}' == 'locked_out_user'">
<kw name="Verify the user get the error message by locked" owner="LoginPageResource">
<status status="NOT RUN" start="2025-05-20T17:18:17.594174" elapsed="0.000292"/>
</kw>
<status status="NOT RUN" start="2025-05-20T17:18:17.593467" elapsed="0.001123"/>
</branch>
<branch type="ELSE IF" condition="'${password}' == 'secret'">
<kw name="Verify the user get error message by empty username" owner="LoginPageResource">
<status status="NOT RUN" start="2025-05-20T17:18:17.595196" elapsed="0.000226"/>
</kw>
<status status="NOT RUN" start="2025-05-20T17:18:17.594690" elapsed="0.000850"/>
</branch>
<branch type="ELSE IF" condition="'${username}' == 'abc'">
<kw name="Verify the user get error message by empty password" owner="LoginPageResource">
<status status="NOT RUN" start="2025-05-20T17:18:17.596145" elapsed="0.000520"/>
</kw>
<status status="NOT RUN" start="2025-05-20T17:18:17.595636" elapsed="0.001223"/>
</branch>
<branch type="ELSE IF" condition="'${username}' == ''">
<kw name="Verify the user get error message by empty username" owner="LoginPageResource">
<status status="NOT RUN" start="2025-05-20T17:18:17.597828" elapsed="0.000320"/>
</kw>
<status status="NOT RUN" start="2025-05-20T17:18:17.596995" elapsed="0.001340"/>
</branch>
<status status="PASS" start="2025-05-20T17:18:17.567818" elapsed="0.030622"/>
</if>
<arg>username=visual_user</arg>
<arg>password=secret_sauce</arg>
<status status="PASS" start="2025-05-20T17:18:16.673914" elapsed="0.924676"/>
</kw>
<kw name="Close browser session" owner="GenericResources" type="TEARDOWN">
<kw name="Close Browser" owner="SeleniumLibrary">
<doc>Closes the current browser.</doc>
<status status="PASS" start="2025-05-20T17:18:17.600200" elapsed="8.353762"/>
</kw>
<status status="PASS" start="2025-05-20T17:18:17.599279" elapsed="8.355087"/>
</kw>
<status status="PASS" start="2025-05-20T17:18:05.569001" elapsed="20.385490"/>
</test>
<test id="s1-s1-t7" name="Validate Login with" line="16">
<kw name="Open the Browser with URL" owner="GenericResources" type="SETUP">
<kw name="Create Webdriver" owner="SeleniumLibrary">
<msg time="2025-05-20T17:18:25.959596" level="INFO">Creating an instance of the Firefox WebDriver.</msg>
<arg>${browser_name}</arg>
<doc>Creates an instance of Selenium WebDriver.</doc>
<status status="PASS" start="2025-05-20T17:18:25.958887" elapsed="9.527037"/>
</kw>
<kw name="Go To" owner="SeleniumLibrary">
<msg time="2025-05-20T17:18:35.487083" level="INFO">Opening url 'https://www.saucedemo.com/'</msg>
<arg>${url}</arg>
<doc>Navigates the current browser window to the provided ``url``.</doc>
<status status="PASS" start="2025-05-20T17:18:35.486324" elapsed="2.309653"/>
</kw>
<kw name="Maximize Browser Window" owner="SeleniumLibrary">
<doc>Maximizes current browser window.</doc>
<status status="PASS" start="2025-05-20T17:18:37.796355" elapsed="0.356691"/>
</kw>
<kw name="Set Selenium Implicit Wait" owner="SeleniumLibrary">
<arg>5</arg>
<doc>Sets the implicit wait value used by Selenium.</doc>
<status status="PASS" start="2025-05-20T17:18:38.153454" elapsed="0.006566"/>
</kw>
<status status="PASS" start="2025-05-20T17:18:25.957980" elapsed="12.202337"/>
</kw>
<kw name="Validate Login in sauce demo">
<kw name="Fill the login form" owner="LoginPageResource">
<kw name="Input Text" owner="SeleniumLibrary">
<msg time="2025-05-20T17:18:38.194328" level="INFO">Typing text '' into text field 'id:user-name'.</msg>
<arg>id:user-name</arg>
<arg>${username}</arg>
<doc>Types the given ``text`` into the text field identified by ``locator``.</doc>
<status status="PASS" start="2025-05-20T17:18:38.162990" elapsed="0.294780"/>
</kw>
<kw name="Input Password" owner="SeleniumLibrary">
<msg time="2025-05-20T17:18:38.458912" level="INFO">Typing password into text field 'id:password'.</msg>
<msg time="2025-05-20T17:18:38.483747" level="INFO">Temporally setting log level to: NONE</msg>
<arg>id:password</arg>
<arg>${password}</arg>
<doc>Types the given password into the text field identified by ``locator``.</doc>
<status status="PASS" start="2025-05-20T17:18:38.458197" elapsed="0.064554"/>
</kw>
<kw name="Click Button" owner="SeleniumLibrary">
<msg time="2025-05-20T17:18:38.523981" level="INFO">Clicking button 'id:login-button'.</msg>
<arg>id:login-button</arg>
<doc>Clicks the button identified by ``locator``.</doc>
<status status="PASS" start="2025-05-20T17:18:38.523259" elapsed="0.448045"/>
</kw>
<arg>${username}</arg>
<arg>${password}</arg>
<status status="PASS" start="2025-05-20T17:18:38.162006" elapsed="0.809568"/>
</kw>
<if>
<branch type="IF" condition="'${username}' == 'standard_user' or '${username}'=='performance_glitch_user' or '${username}'=='error_user' or '${username}'=='visual_user' or '${username}'=='problem_user'">
<kw name="Verify the user is successfully logged in" owner="LoginPageResource">
<status status="NOT RUN" start="2025-05-20T17:18:38.972783" elapsed="0.000268"/>
</kw>
<status status="NOT RUN" start="2025-05-20T17:18:38.971779" elapsed="0.001389"/>
</branch>
<branch type="ELSE IF" condition="'${username}' == 'locked_out_user'">
<kw name="Verify the user get the error message by locked" owner="LoginPageResource">
<status status="NOT RUN" start="2025-05-20T17:18:38.973906" elapsed="0.000190"/>
</kw>
<status status="NOT RUN" start="2025-05-20T17:18:38.973256" elapsed="0.000934"/>
</branch>
<branch type="ELSE IF" condition="'${password}' == 'secret'">
<kw name="Verify the user get error message by empty username" owner="LoginPageResource">
<status status="NOT RUN" start="2025-05-20T17:18:38.974827" elapsed="0.000165"/>
</kw>
<status status="NOT RUN" start="2025-05-20T17:18:38.974275" elapsed="0.000834"/>
</branch>
<branch type="ELSE IF" condition="'${username}' == 'abc'">
<kw name="Verify the user get error message by empty password" owner="LoginPageResource">
<status status="NOT RUN" start="2025-05-20T17:18:38.975722" elapsed="0.000164"/>
</kw>
<status status="NOT RUN" start="2025-05-20T17:18:38.975192" elapsed="0.000777"/>
</branch>
<branch type="ELSE IF" condition="'${username}' == ''">
<kw name="Verify the user get error message by empty username" owner="LoginPageResource">
<kw name="Element Text Should Be" owner="SeleniumLibrary">
<msg time="2025-05-20T17:18:38.978029" level="INFO">Verifying element 'xpath://h3[@data-test='error']' contains exact text 'Epic sadface: Username is required'.</msg>
<arg>${error_message}</arg>
<arg>Epic sadface: Username is required</arg>
<doc>Verifies that element ``locator`` contains exact the text ``expected``.</doc>
<status status="PASS" start="2025-05-20T17:18:38.977302" elapsed="0.037872"/>
</kw>
<status status="PASS" start="2025-05-20T17:18:38.976641" elapsed="0.038773"/>
</kw>
<status status="PASS" start="2025-05-20T17:18:38.976043" elapsed="0.039496"/>
</branch>
<status status="PASS" start="2025-05-20T17:18:38.971726" elapsed="0.043909"/>
</if>
<arg>username=</arg>
<arg>password=</arg>
<status status="PASS" start="2025-05-20T17:18:38.160904" elapsed="0.854848"/>
</kw>
<kw name="Close browser session" owner="GenericResources" type="TEARDOWN">
<kw name="Close Browser" owner="SeleniumLibrary">
<doc>Closes the current browser.</doc>
<status status="PASS" start="2025-05-20T17:18:39.017073" elapsed="11.428992"/>
</kw>
<status status="PASS" start="2025-05-20T17:18:39.016217" elapsed="11.430108"/>
</kw>
<status status="PASS" start="2025-05-20T17:18:25.955092" elapsed="24.491358"/>
</test>
<test id="s1-s1-t8" name="Validate Login with" line="16">
<kw name="Open the Browser with URL" owner="GenericResources" type="SETUP">
<kw name="Create Webdriver" owner="SeleniumLibrary">
<msg time="2025-05-20T17:18:50.451370" level="INFO">Creating an instance of the Firefox WebDriver.</msg>
<arg>${browser_name}</arg>
<doc>Creates an instance of Selenium WebDriver.</doc>
<status status="PASS" start="2025-05-20T17:18:50.450788" elapsed="8.239684"/>
</kw>
<kw name="Go To" owner="SeleniumLibrary">
<msg time="2025-05-20T17:18:58.691616" level="INFO">Opening url 'https://www.saucedemo.com/'</msg>
<arg>${url}</arg>
<doc>Navigates the current browser window to the provided ``url``.</doc>
<status status="PASS" start="2025-05-20T17:18:58.690879" elapsed="2.394986"/>
</kw>
<kw name="Maximize Browser Window" owner="SeleniumLibrary">
<doc>Maximizes current browser window.</doc>
<status status="PASS" start="2025-05-20T17:19:01.086327" elapsed="0.335133"/>
</kw>
<kw name="Set Selenium Implicit Wait" owner="SeleniumLibrary">
<arg>5</arg>
<doc>Sets the implicit wait value used by Selenium.</doc>
<status status="PASS" start="2025-05-20T17:19:01.421928" elapsed="0.006674"/>
</kw>
<status status="PASS" start="2025-05-20T17:18:50.449963" elapsed="10.978937"/>
</kw>
<kw name="Validate Login in sauce demo">
<kw name="Fill the login form" owner="LoginPageResource">
<kw name="Input Text" owner="SeleniumLibrary">
<msg time="2025-05-20T17:19:01.434422" level="INFO">Typing text 'abc' into text field 'id:user-name'.</msg>
<arg>id:user-name</arg>
<arg>${username}</arg>
<doc>Types the given ``text`` into the text field identified by ``locator``.</doc>
<status status="PASS" start="2025-05-20T17:19:01.433094" elapsed="0.343877"/>
</kw>
<kw name="Input Password" owner="SeleniumLibrary">
<msg time="2025-05-20T17:19:01.778123" level="INFO">Typing password into text field 'id:password'.</msg>
<msg time="2025-05-20T17:19:01.792870" level="INFO">Temporally setting log level to: NONE</msg>
<arg>id:password</arg>
<arg>${password}</arg>
<doc>Types the given password into the text field identified by ``locator``.</doc>
<status status="PASS" start="2025-05-20T17:19:01.777373" elapsed="0.030076"/>
</kw>
<kw name="Click Button" owner="SeleniumLibrary">
<msg time="2025-05-20T17:19:01.808491" level="INFO">Clicking button 'id:login-button'.</msg>
<arg>id:login-button</arg>
<doc>Clicks the button identified by ``locator``.</doc>
<status status="PASS" start="2025-05-20T17:19:01.807865" elapsed="0.300873"/>
</kw>
<arg>${username}</arg>
<arg>${password}</arg>
<status status="PASS" start="2025-05-20T17:19:01.431912" elapsed="0.677157"/>
</kw>
<if>
<branch type="IF" condition="'${username}' == 'standard_user' or '${username}'=='performance_glitch_user' or '${username}'=='error_user' or '${username}'=='visual_user' or '${username}'=='problem_user'">
<kw name="Verify the user is successfully logged in" owner="LoginPageResource">
<status status="NOT RUN" start="2025-05-20T17:19:02.110612" elapsed="0.000370"/>
</kw>
<status status="NOT RUN" start="2025-05-20T17:19:02.109379" elapsed="0.001747"/>
</branch>
<branch type="ELSE IF" condition="'${username}' == 'locked_out_user'">
<kw name="Verify the user get the error message by locked" owner="LoginPageResource">
<status status="NOT RUN" start="2025-05-20T17:19:02.112119" elapsed="0.000326"/>
</kw>
<status status="NOT RUN" start="2025-05-20T17:19:02.111254" elapsed="0.001331"/>
</branch>
<branch type="ELSE IF" condition="'${password}' == 'secret'">
<kw name="Verify the user get error message by empty username" owner="LoginPageResource">
<status status="NOT RUN" start="2025-05-20T17:19:02.113915" elapsed="0.000276"/>
</kw>
<status status="NOT RUN" start="2025-05-20T17:19:02.112710" elapsed="0.001621"/>
</branch>
<branch type="ELSE IF" condition="'${username}' == 'abc'">
<kw name="Verify the user get error message by empty password" owner="LoginPageResource">
<kw name="Element Text Should Be" owner="SeleniumLibrary">
<msg time="2025-05-20T17:19:02.116937" level="INFO">Verifying element 'xpath://h3[@data-test='error']' contains exact text 'Epic sadface: Password is required'.</msg>
<arg>${error_message}</arg>
<arg>Epic sadface: Password is required</arg>
<doc>Verifies that element ``locator`` contains exact the text ``expected``.</doc>
<status status="PASS" start="2025-05-20T17:19:02.116134" elapsed="0.033246"/>
</kw>
<status status="PASS" start="2025-05-20T17:19:02.115281" elapsed="0.034435"/>
</kw>
<status status="PASS" start="2025-05-20T17:19:02.114440" elapsed="0.035422"/>
</branch>
<branch type="ELSE IF" condition="'${username}' == ''">
<kw name="Verify the user get error message by empty username" owner="LoginPageResource">
<status status="NOT RUN" start="2025-05-20T17:19:02.150739" elapsed="0.000382"/>
</kw>
<status status="NOT RUN" start="2025-05-20T17:19:02.150016" elapsed="0.001270"/>
</branch>
<status status="PASS" start="2025-05-20T17:19:02.109306" elapsed="0.042120"/>
</if>
<arg>username=abc</arg>
<arg>password=</arg>
<status status="PASS" start="2025-05-20T17:19:01.429493" elapsed="0.722107"/>
</kw>
<kw name="Close browser session" owner="GenericResources" type="TEARDOWN">
<kw name="Close Browser" owner="SeleniumLibrary">
<doc>Closes the current browser.</doc>
<status status="PASS" start="2025-05-20T17:19:02.153594" elapsed="12.660033"/>
</kw>
<status status="PASS" start="2025-05-20T17:19:02.152252" elapsed="12.661735"/>
</kw>
<status status="PASS" start="2025-05-20T17:18:50.447054" elapsed="24.367070"/>
</test>
<test id="s1-s1-t9" name="Validate Login with" line="16">
<kw name="Open the Browser with URL" owner="GenericResources" type="SETUP">
<kw name="Create Webdriver" owner="SeleniumLibrary">
<msg time="2025-05-20T17:19:14.822089" level="INFO">Creating an instance of the Firefox WebDriver.</msg>
<arg>${browser_name}</arg>
<doc>Creates an instance of Selenium WebDriver.</doc>
<status status="PASS" start="2025-05-20T17:19:14.821073" elapsed="6.272229"/>
</kw>
<kw name="Go To" owner="SeleniumLibrary">
<msg time="2025-05-20T17:19:21.093810" level="INFO">Opening url 'https://www.saucedemo.com/'</msg>
<arg>${url}</arg>
<doc>Navigates the current browser window to the provided ``url``.</doc>
<status status="PASS" start="2025-05-20T17:19:21.093492" elapsed="1.028160"/>
</kw>
<kw name="Maximize Browser Window" owner="SeleniumLibrary">
<doc>Maximizes current browser window.</doc>
<status status="PASS" start="2025-05-20T17:19:22.121950" elapsed="0.275816"/>
</kw>
<kw name="Set Selenium Implicit Wait" owner="SeleniumLibrary">
<arg>5</arg>
<doc>Sets the implicit wait value used by Selenium.</doc>
<status status="PASS" start="2025-05-20T17:19:22.398132" elapsed="0.003603"/>
</kw>
<status status="PASS" start="2025-05-20T17:19:14.819278" elapsed="7.582604"/>
</kw>
<kw name="Validate Login in sauce demo">
<kw name="Fill the login form" owner="LoginPageResource">
<kw name="Input Text" owner="SeleniumLibrary">
<msg time="2025-05-20T17:19:22.403452" level="INFO">Typing text '' into text field 'id:user-name'.</msg>
<arg>id:user-name</arg>
<arg>${username}</arg>
<doc>Types the given ``text`` into the text field identified by ``locator``.</doc>
<status status="PASS" start="2025-05-20T17:19:22.403158" elapsed="0.082118"/>
</kw>
<kw name="Input Password" owner="SeleniumLibrary">
<msg time="2025-05-20T17:19:22.486126" level="INFO">Typing password into text field 'id:password'.</msg>
<msg time="2025-05-20T17:19:22.493345" level="INFO">Temporally setting log level to: NONE</msg>
<arg>id:password</arg>
<arg>${password}</arg>
<doc>Types the given password into the text field identified by ``locator``.</doc>
<status status="PASS" start="2025-05-20T17:19:22.485600" elapsed="0.038993"/>
</kw>
<kw name="Click Button" owner="SeleniumLibrary">
<msg time="2025-05-20T17:19:22.525078" level="INFO">Clicking button 'id:login-button'.</msg>
<arg>id:login-button</arg>
<doc>Clicks the button identified by ``locator``.</doc>
<status status="PASS" start="2025-05-20T17:19:22.524787" elapsed="0.253843"/>
</kw>
<arg>${username}</arg>
<arg>${password}</arg>
<status status="PASS" start="2025-05-20T17:19:22.402742" elapsed="0.376052"/>
</kw>
<if>
<branch type="IF" condition="'${username}' == 'standard_user' or '${username}'=='performance_glitch_user' or '${username}'=='error_user' or '${username}'=='visual_user' or '${username}'=='problem_user'">
<kw name="Verify the user is successfully logged in" owner="LoginPageResource">
<status status="NOT RUN" start="2025-05-20T17:19:22.779801" elapsed="0.000224"/>
</kw>
<status status="NOT RUN" start="2025-05-20T17:19:22.778928" elapsed="0.001214"/>
</branch>
<branch type="ELSE IF" condition="'${username}' == 'locked_out_user'">
<kw name="Verify the user get the error message by locked" owner="LoginPageResource">
<status status="NOT RUN" start="2025-05-20T17:19:22.780875" elapsed="0.000219"/>
</kw>
<status status="NOT RUN" start="2025-05-20T17:19:22.780228" elapsed="0.000966"/>
</branch>
<branch type="ELSE IF" condition="'${password}' == 'secret'">
<kw name="Verify the user get error message by empty username" owner="LoginPageResource">
<kw name="Element Text Should Be" owner="SeleniumLibrary">
<msg time="2025-05-20T17:19:22.782667" level="INFO">Verifying element 'xpath://h3[@data-test='error']' contains exact text 'Epic sadface: Username is required'.</msg>
<arg>${error_message}</arg>
<arg>Epic sadface: Username is required</arg>
<doc>Verifies that element ``locator`` contains exact the text ``expected``.</doc>
<status status="PASS" start="2025-05-20T17:19:22.782258" elapsed="0.015330"/>
</kw>
<status status="PASS" start="2025-05-20T17:19:22.781779" elapsed="0.016313"/>
</kw>
<status status="PASS" start="2025-05-20T17:19:22.781293" elapsed="0.016892"/>
</branch>
<branch type="ELSE IF" condition="'${username}' == 'abc'">
<kw name="Verify the user get error message by empty password" owner="LoginPageResource">
<status status="NOT RUN" start="2025-05-20T17:19:22.799020" elapsed="0.000125"/>
</kw>
<status status="NOT RUN" start="2025-05-20T17:19:22.798317" elapsed="0.000879"/>
</branch>
<branch type="ELSE IF" condition="'${username}' == ''">
<kw name="Verify the user get error message by empty username" owner="LoginPageResource">
<status status="NOT RUN" start="2025-05-20T17:19:22.799444" elapsed="0.000074"/>
</kw>
<status status="NOT RUN" start="2025-05-20T17:19:22.799235" elapsed="0.000323"/>
</branch>
<status status="PASS" start="2025-05-20T17:19:22.778892" elapsed="0.020701"/>
</if>
<arg>username=</arg>
<arg>password=secret</arg>
<status status="PASS" start="2025-05-20T17:19:22.402153" elapsed="0.397493"/>
</kw>
<kw name="Close browser session" owner="GenericResources" type="TEARDOWN">
<kw name="Close Browser" owner="SeleniumLibrary">
<doc>Closes the current browser.</doc>
<status status="PASS" start="2025-05-20T17:19:22.800139" elapsed="2.932180"/>
</kw>
<status status="PASS" start="2025-05-20T17:19:22.799834" elapsed="2.932626"/>
</kw>
<status status="PASS" start="2025-05-20T17:19:14.814821" elapsed="10.917695"/>
</test>
<doc>Tests to Login to Login Page</doc>
<status status="PASS" start="2025-05-20T17:14:54.827855" elapsed="270.912751"/>
</suite>
<status status="PASS" start="2025-05-20T17:14:54.802793" elapsed="270.947094"/>
</suite>
<statistics>
<total>
<stat pass="9" fail="0" skip="0">All Tests</stat>
</total>
<tag>
</tag>
<suite>
<stat name="Tests" id="s1" pass="9" fail="0" skip="0">Tests</stat>
<stat name="LoginPageTest" id="s1-s1" pass="9" fail="0" skip="0">Tests.LoginPageTest</stat>
</suite>
</statistics>
<errors>
<msg time="2025-05-20T17:16:08.061292" level="WARN">Multiple tests with name 'Validate Login with' executed in suite 'Tests.LoginPageTest'.</msg>
<msg time="2025-05-20T17:16:36.538881" level="WARN">Multiple tests with name 'Validate Login with' executed in suite 'Tests.LoginPageTest'.</msg>
<msg time="2025-05-20T17:16:57.291198" level="WARN">Multiple tests with name 'Validate Login with' executed in suite 'Tests.LoginPageTest'.</msg>
<msg time="2025-05-20T17:17:42.906659" level="WARN">Multiple tests with name 'Validate Login with' executed in suite 'Tests.LoginPageTest'.</msg>
<msg time="2025-05-20T17:18:05.569103" level="WARN">Multiple tests with name 'Validate Login with' executed in suite 'Tests.LoginPageTest'.</msg>
<msg time="2025-05-20T17:18:25.955197" level="WARN">Multiple tests with name 'Validate Login with' executed in suite 'Tests.LoginPageTest'.</msg>
<msg time="2025-05-20T17:18:50.447123" level="WARN">Multiple tests with name 'Validate Login with' executed in suite 'Tests.LoginPageTest'.</msg>
<msg time="2025-05-20T17:19:14.814899" level="WARN">Multiple tests with name 'Validate Login with' executed in suite 'Tests.LoginPageTest'.</msg>
</errors>
</robot>
