<?xml version="1.0" encoding="UTF-8"?>
<robot generator="Robot 7.2.2 (Python 3.13.3 on win32)" generated="2025-05-20T17:14:51.675247" rpa="false" schemaversion="5">
<suite id="s1" name="Tests" source="C:\Users\Lenovo\Desktop\SauceDemo-Project\Tests">
<suite id="s1-s1" name="Addtocarttest" source="C:\Users\Lenovo\Desktop\SauceDemo-Project\Tests\addtocarttest.robot">
<test id="s1-s1-t1" name="Verify the product is added to cart" line="13">
<kw name="Open the Browser with URL" owner="GenericResources" type="SETUP">
<kw name="Create Webdriver" owner="SeleniumLibrary">
<msg time="2025-05-20T17:14:52.393914" level="INFO">Creating an instance of the Firefox WebDriver.</msg>
<arg>${browser_name}</arg>
<doc>Creates an instance of Selenium WebDriver.</doc>
<status status="PASS" start="2025-05-20T17:14:52.393420" elapsed="12.297430"/>
</kw>
<kw name="Go To" owner="SeleniumLibrary">
<msg time="2025-05-20T17:15:04.691841" level="INFO">Opening url 'https://www.saucedemo.com/'</msg>
<arg>${url}</arg>
<doc>Navigates the current browser window to the provided ``url``.</doc>
<status status="PASS" start="2025-05-20T17:15:04.691327" elapsed="4.815938"/>
</kw>
<kw name="Maximize Browser Window" owner="SeleniumLibrary">
<doc>Maximizes current browser window.</doc>
<status status="PASS" start="2025-05-20T17:15:09.507795" elapsed="0.387253"/>
</kw>
<kw name="Set Selenium Implicit Wait" owner="SeleniumLibrary">
<arg>5</arg>
<doc>Sets the implicit wait value used by Selenium.</doc>
<status status="PASS" start="2025-05-20T17:15:09.895533" elapsed="0.005742"/>
</kw>
<status status="PASS" start="2025-05-20T17:14:52.392209" elapsed="17.509560"/>
</kw>
<kw name="Fill the login form" owner="LoginPageResource">
<kw name="Input Text" owner="SeleniumLibrary">
<msg time="2025-05-20T17:15:09.904823" level="INFO">Typing text 'standard_user' into text field 'id:user-name'.</msg>
<arg>id:user-name</arg>
<arg>${username}</arg>
<doc>Types the given ``text`` into the text field identified by ``locator``.</doc>
<status status="PASS" start="2025-05-20T17:15:09.903466" elapsed="1.795196"/>
</kw>
<kw name="Input Password" owner="SeleniumLibrary">
<msg time="2025-05-20T17:15:11.700058" level="INFO">Typing password into text field 'id:password'.</msg>
<msg time="2025-05-20T17:15:11.781471" level="INFO">Temporally setting log level to: NONE</msg>
<arg>id:password</arg>
<arg>${password}</arg>
<doc>Types the given password into the text field identified by ``locator``.</doc>
<status status="PASS" start="2025-05-20T17:15:11.699162" elapsed="0.534119"/>
</kw>
<kw name="Click Button" owner="SeleniumLibrary">
<msg time="2025-05-20T17:15:12.234382" level="INFO">Clicking button 'id:login-button'.</msg>
<arg>id:login-button</arg>
<doc>Clicks the button identified by ``locator``.</doc>
<status status="PASS" start="2025-05-20T17:15:12.233698" elapsed="1.374459"/>
</kw>
<arg>username=standard_user</arg>
<arg>password=secret_sauce</arg>
<status status="PASS" start="2025-05-20T17:15:09.902317" elapsed="3.706167"/>
</kw>
<kw name="Add the Product to the cart" owner="ProductpageResource">
<kw name="Click Element" owner="SeleniumLibrary">
<msg time="2025-05-20T17:15:13.610736" level="INFO">Clicking element 'xpath://div[contains(text(),'Sauce Labs Bike Light')]'.</msg>
<arg>${productdog}</arg>
<doc>Click the element identified by ``locator``.</doc>
<status status="PASS" start="2025-05-20T17:15:13.609939" elapsed="0.544948"/>
</kw>
<kw name="Click Button" owner="SeleniumLibrary">
<msg time="2025-05-20T17:15:14.156828" level="INFO">Clicking button 'xpath://button[@class='btn btn_primary btn_small btn_inventory']'.</msg>
<arg>${addtocart}</arg>
<doc>Clicks the button identified by ``locator``.</doc>
<status status="PASS" start="2025-05-20T17:15:14.155297" elapsed="0.821268"/>
</kw>
<status status="PASS" start="2025-05-20T17:15:13.609005" elapsed="1.368580"/>
</kw>
<kw name="click the add to cart button" owner="addtocartresource">
<kw name="Click Element" owner="SeleniumLibrary">
<msg time="2025-05-20T17:15:14.982854" level="INFO">Clicking element 'xpath://a[@class='shopping_cart_link']'.</msg>
<arg>${addtocartbtn}</arg>
<doc>Click the element identified by ``locator``.</doc>
<status status="PASS" start="2025-05-20T17:15:14.982077" elapsed="0.870318"/>
</kw>
<status status="PASS" start="2025-05-20T17:15:14.978044" elapsed="0.874662"/>
</kw>
<kw name="Element Text Should Be" owner="SeleniumLibrary">
<msg time="2025-05-20T17:15:15.853999" level="INFO">Verifying element '//div[@class='inventory_item_name']' contains exact text 'Sauce Labs Bike Light'.</msg>
<arg>locator=//div[@class='inventory_item_name']</arg>
<arg>expected=Sauce Labs Bike Light</arg>
<doc>Verifies that element ``locator`` contains exact the text ``expected``.</doc>
<status status="PASS" start="2025-05-20T17:15:15.853085" elapsed="6.274130"/>
</kw>
<kw name="Close browser session" owner="GenericResources" type="TEARDOWN">
<kw name="Close Browser" owner="SeleniumLibrary">
<doc>Closes the current browser.</doc>
<status status="PASS" start="2025-05-20T17:15:22.129391" elapsed="42.203612"/>
</kw>
<status status="PASS" start="2025-05-20T17:15:22.128186" elapsed="42.208399"/>
</kw>
<tag>addtocart</tag>
<status status="PASS" start="2025-05-20T17:14:52.391132" elapsed="71.946064"/>
</test>
<doc>add to cart tests</doc>
<status status="PASS" start="2025-05-20T17:14:51.737128" elapsed="72.603043"/>
</suite>
<status status="PASS" start="2025-05-20T17:14:51.713959" elapsed="72.628384"/>
</suite>
<statistics>
<total>
<stat pass="1" fail="0" skip="0">All Tests</stat>
</total>
<tag>
<stat pass="1" fail="0" skip="0">addtocart</stat>
</tag>
<suite>
<stat name="Tests" id="s1" pass="1" fail="0" skip="0">Tests</stat>
<stat name="Addtocarttest" id="s1-s1" pass="1" fail="0" skip="0">Tests.Addtocarttest</stat>
</suite>
</statistics>
<errors>
</errors>
</robot>
