<?xml version="1.0" encoding="UTF-8"?>
<robot generator="Robot 7.2.2 (Python 3.13.3 on win32)" generated="2025-05-20T17:14:54.713035" rpa="false" schemaversion="5">
<suite id="s1" name="Tests" source="C:\Users\Lenovo\Desktop\SauceDemo-Project\Tests">
<suite id="s1-s1" name="LoginPageTest" source="C:\Users\Lenovo\Desktop\SauceDemo-Project\Tests\LoginPageTest.robot">
<test id="s1-s1-t1" name="Validate Login with" line="16">
<kw name="Open the Browser with URL" owner="GenericResources" type="SETUP">
<kw name="Create Webdriver" owner="SeleniumLibrary">
<msg time="2025-05-20T17:14:57.392004" level="INFO">Creating an instance of the Firefox WebDriver.</msg>
<arg>${browser_name}</arg>
<doc>Creates an instance of Selenium WebDriver.</doc>
<status status="PASS" start="2025-05-20T17:14:57.391281" elapsed="52.263649"/>
</kw>
<kw name="Go To" owner="SeleniumLibrary">
<msg time="2025-05-20T17:15:50.090775" level="INFO">Opening url 'https://www.saucedemo.com/'</msg>
<arg>${url}</arg>
<doc>Navigates the current browser window to the provided ``url``.</doc>
<status status="PASS" start="2025-05-20T17:15:50.082844" elapsed="8.088424"/>
</kw>
<kw name="Maximize Browser Window" owner="SeleniumLibrary">
<doc>Maximizes current browser window.</doc>
<status status="PASS" start="2025-05-20T17:15:58.174609" elapsed="0.568767"/>
</kw>
<kw name="Set Selenium Implicit Wait" owner="SeleniumLibrary">
<arg>5</arg>
<doc>Sets the implicit wait value used by Selenium.</doc>
<status status="PASS" start="2025-05-20T17:15:58.744747" elapsed="0.014477"/>
</kw>
<status status="PASS" start="2025-05-20T17:14:57.388189" elapsed="61.373540"/>
</kw>
<kw name="Validate Login in sauce demo">
<kw name="Fill the login form" owner="LoginPageResource">
<kw name="Input Text" owner="SeleniumLibrary">
<msg time="2025-05-20T17:15:58.803990" level="INFO">Typing text 'standard_user' into text field 'id:user-name'.</msg>
<arg>id:user-name</arg>
<arg>${username}</arg>
<doc>Types the given ``text`` into the text field identified by ``locator``.</doc>
<status status="PASS" start="2025-05-20T17:15:58.784159" elapsed="0.372460"/>
</kw>
<kw name="Input Password" owner="SeleniumLibrary">
<msg time="2025-05-20T17:15:59.158750" level="INFO">Typing password into text field 'id:password'.</msg>
<msg time="2025-05-20T17:15:59.426183" level="INFO">Temporally setting log level to: NONE</msg>
<arg>id:password</arg>
<arg>${password}</arg>
<doc>Types the given password into the text field identified by ``locator``.</doc>
<status status="PASS" start="2025-05-20T17:15:59.157292" elapsed="0.394065"/>
</kw>
<kw name="Click Button" owner="SeleniumLibrary">
<msg time="2025-05-20T17:15:59.553925" level="INFO">Clicking button 'id:login-button'.</msg>
<arg>id:login-button</arg>
<doc>Clicks the button identified by ``locator``.</doc>
<status status="PASS" start="2025-05-20T17:15:59.552513" elapsed="1.063560"/>
</kw>
<arg>${username}</arg>
<arg>${password}</arg>
<status status="PASS" start="2025-05-20T17:15:58.782735" elapsed="1.833614"/>
</kw>
<if>
<branch type="IF" condition="'${username}' == 'standard_user' or '${username}'=='performance_glitch_user' or '${username}'=='error_user' or '${username}'=='visual_user' or '${username}'=='problem_user'">
<kw name="Verify the user is successfully logged in" owner="LoginPageResource">
<kw name="Element Text Should Be" owner="SeleniumLibrary">
<msg time="2025-05-20T17:16:00.627687" level="INFO">Verifying element 'xpath://div[@class='header_secondary_container']//span' contains exact text 'Products'.</msg>
<arg>${products}</arg>
<arg>Products</arg>
<doc>Verifies that element ``locator`` contains exact the text ``expected``.</doc>
<status status="PASS" start="2025-05-20T17:16:00.626376" elapsed="0.080845"/>
</kw>
<status status="PASS" start="2025-05-20T17:16:00.625381" elapsed="0.082094"/>
</kw>
<status status="PASS" start="2025-05-20T17:16:00.617364" elapsed="0.090214"/>
</branch>
<branch type="ELSE IF" condition="'${username}' == 'locked_out_user'">
<kw name="Verify the user get the error message by locked" owner="LoginPageResource">
<status status="NOT RUN" start="2025-05-20T17:16:00.708521" elapsed="0.000256"/>
</kw>
<status status="NOT RUN" start="2025-05-20T17:16:00.707803" elapsed="0.001092"/>
</branch>
<branch type="ELSE IF" condition="'${password}' == 'secret'">
<kw name="Verify the user get error message by empty username" owner="LoginPageResource">
<status status="NOT RUN" start="2025-05-20T17:16:00.709455" elapsed="0.000181"/>
</kw>
<status status="NOT RUN" start="2025-05-20T17:16:00.709014" elapsed="0.000719"/>
</branch>
<branch type="ELSE IF" condition="'${username}' == 'abc'">
<kw name="Verify the user get error message by empty password" owner="LoginPageResource">
<status status="NOT RUN" start="2025-05-20T17:16:00.710193" elapsed="0.000184"/>
</kw>
<status status="NOT RUN" start="2025-05-20T17:16:00.709826" elapsed="0.000642"/>
</branch>
<branch type="ELSE IF" condition="'${username}' == ''">
<kw name="Verify the user get error message by empty username" owner="LoginPageResource">
<status status="NOT RUN" start="2025-05-20T17:16:00.710914" elapsed="0.000170"/>
</kw>
<status status="NOT RUN" start="2025-05-20T17:16:00.710552" elapsed="0.000621"/>
</branch>
<status status="PASS" start="2025-05-20T17:16:00.616894" elapsed="0.094365"/>
</if>
<arg>username=standard_user</arg>
<arg>password=secret_sauce</arg>
<status status="PASS" start="2025-05-20T17:15:58.775015" elapsed="1.936381"/>
</kw>
<kw name="Close browser session" owner="GenericResources" type="TEARDOWN">
<kw name="Close Browser" owner="SeleniumLibrary">
<doc>Closes the current browser.</doc>
<status status="PASS" start="2025-05-20T17:16:00.714594" elapsed="6.919193"/>
</kw>
<status status="PASS" start="2025-05-20T17:16:00.712939" elapsed="6.921171"/>
</kw>
<status status="PASS" start="2025-05-20T17:14:57.384817" elapsed="70.249465"/>
</test>
<test id="s1-s1-t2" name="Validate Login with" line="16">
<kw name="Open the Browser with URL" owner="GenericResources" type="SETUP">
<kw name="Create Webdriver" owner="SeleniumLibrary">
<msg time="2025-05-20T17:16:07.646354" level="INFO">Creating an instance of the Firefox WebDriver.</msg>
<arg>${browser_name}</arg>
<doc>Creates an instance of Selenium WebDriver.</doc>
<status status="PASS" start="2025-05-20T17:16:07.645681" elapsed="15.634441"/>
</kw>
<kw name="Go To" owner="SeleniumLibrary">
<msg time="2025-05-20T17:16:23.281229" level="INFO">Opening url 'https://www.saucedemo.com/'</msg>
<arg>${url}</arg>
<doc>Navigates the current browser window to the provided ``url``.</doc>
<status status="PASS" start="2025-05-20T17:16:23.280538" elapsed="4.412445"/>
</kw>
<kw name="Maximize Browser Window" owner="SeleniumLibrary">
<doc>Maximizes current browser window.</doc>
<status status="PASS" start="2025-05-20T17:16:27.693461" elapsed="0.300350"/>
</kw>
<kw name="Set Selenium Implicit Wait" owner="SeleniumLibrary">
<arg>5</arg>
<doc>Sets the implicit wait value used by Selenium.</doc>
<status status="PASS" start="2025-05-20T17:16:27.994221" elapsed="0.005163"/>
</kw>
<status status="PASS" start="2025-05-20T17:16:07.644579" elapsed="20.355358"/>
</kw>
<kw name="Validate Login in sauce demo">
<kw name="Fill the login form" owner="LoginPageResource">
<kw name="Input Text" owner="SeleniumLibrary">
<msg time="2025-05-20T17:16:28.003805" level="INFO">Typing text 'locked_out_user' into text field 'id:user-name'.</msg>
<arg>id:user-name</arg>
<arg>${username}</arg>
<doc>Types the given ``text`` into the text field identified by ``locator``.</doc>
<status status="PASS" start="2025-05-20T17:16:28.003032" elapsed="0.358947"/>
</kw>
<kw name="Input Password" owner="SeleniumLibrary">
<msg time="2025-05-20T17:16:28.363267" level="INFO">Typing password into text field 'id:password'.</msg>
<msg time="2025-05-20T17:16:28.377357" level="INFO">Temporally setting log level to: NONE</msg>
<arg>id:password</arg>
<arg>${password}</arg>
<doc>Types the given password into the text field identified by ``locator``.</doc>
<status status="PASS" start="2025-05-20T17:16:28.362387" elapsed="0.095577"/>
</kw>
<kw name="Click Button" owner="SeleniumLibrary">
<msg time="2025-05-20T17:16:28.473336" level="INFO">Clicking button 'id:login-button'.</msg>
<arg>id:login-button</arg>
<doc>Clicks the button identified by ``locator``.</doc>
<status status="PASS" start="2025-05-20T17:16:28.459195" elapsed="0.382812"/>
</kw>
<arg>${username}</arg>
<arg>${password}</arg>
<status status="PASS" start="2025-05-20T17:16:28.001965" elapsed="0.840403"/>
</kw>
<if>
<branch type="IF" condition="'${username}' == 'standard_user' or '${username}'=='performance_glitch_user' or '${username}'=='error_user' or '${username}'=='visual_user' or '${username}'=='problem_user'">
<kw name="Verify the user is successfully logged in" owner="LoginPageResource">
<status status="NOT RUN" start="2025-05-20T17:16:28.844284" elapsed="0.000370"/>
</kw>
<status status="NOT RUN" start="2025-05-20T17:16:28.842696" elapsed="0.002147"/>
</branch>
<branch type="ELSE IF" condition="'${username}' == 'locked_out_user'">
<kw name="Verify the user get the error message by locked" owner="LoginPageResource">
<kw name="Element Text Should Be" owner="SeleniumLibrary">
<msg time="2025-05-20T17:16:28.847870" level="INFO">Verifying element 'xpath://h3[@data-test='error']' contains exact text 'Epic sadface: Sorry, this user has been locked out.'.</msg>
<arg>${error_message}</arg>
<arg>Epic sadface: Sorry, this user has been locked out.</arg>
<doc>Verifies that element ``locator`` contains exact the text ``expected``.</doc>
<status status="PASS" start="2025-05-20T17:16:28.847038" elapsed="0.035487"/>
</kw>
<status status="PASS" start="2025-05-20T17:16:28.846023" elapsed="0.036812"/>
</kw>
<status status="PASS" start="2025-05-20T17:16:28.844979" elapsed="0.037999"/>
</branch>
<branch type="ELSE IF" condition="'${password}' == 'secret'">
<kw name="Verify the user get error message by empty username" owner="LoginPageResource">
<status status="NOT RUN" start="2025-05-20T17:16:28.884074" elapsed="0.000377"/>
</kw>
<status status="NOT RUN" start="2025-05-20T17:16:28.883113" elapsed="0.001504"/>
</branch>
<branch type="ELSE IF" condition="'${username}' == 'abc'">
<kw name="Verify the user get error message by empty password" owner="LoginPageResource">
<status status="NOT RUN" start="2025-05-20T17:16:28.885654" elapsed="0.000384"/>
</kw>
<status status="NOT RUN" start="2025-05-20T17:16:28.884837" elapsed="0.001426"/>
</branch>
<branch type="ELSE IF" condition="'${username}' == ''">
<kw name="Verify the user get error message by empty username" owner="LoginPageResource">
<status status="NOT RUN" start="2025-05-20T17:16:28.887432" elapsed="0.000473"/>
</kw>
<status status="NOT RUN" start="2025-05-20T17:16:28.886543" elapsed="0.001737"/>
</branch>
<status status="PASS" start="2025-05-20T17:16:28.842600" elapsed="0.045866"/>
</if>
<arg>username=locked_out_user</arg>
<arg>password=secret_sauce</arg>
<status status="PASS" start="2025-05-20T17:16:28.000709" elapsed="0.888011"/>
</kw>
<kw name="Close browser session" owner="GenericResources" type="TEARDOWN">
<kw name="Close Browser" owner="SeleniumLibrary">
<doc>Closes the current browser.</doc>
<status status="PASS" start="2025-05-20T17:16:28.890462" elapsed="5.010814"/>
</kw>
<status status="PASS" start="2025-05-20T17:16:28.889400" elapsed="5.012124"/>
</kw>
<status status="PASS" start="2025-05-20T17:16:07.638294" elapsed="26.263351"/>
</test>
<test id="s1-s1-t3" name="Validate Login with" line="16">
<kw name="Open the Browser with URL" owner="GenericResources" type="SETUP">
<kw name="Create Webdriver" owner="SeleniumLibrary">
<msg time="2025-05-20T17:16:33.905597" level="INFO">Creating an instance of the Firefox WebDriver.</msg>
<arg>${browser_name}</arg>
<doc>Creates an instance of Selenium WebDriver.</doc>
<status status="PASS" start="2025-05-20T17:16:33.905131" elapsed="12.688246"/>
</kw>
<kw name="Go To" owner="SeleniumLibrary">
<msg time="2025-05-20T17:16:46.594460" level="INFO">Opening url 'https://www.saucedemo.com/'</msg>
<arg>${url}</arg>
<doc>Navigates the current browser window to the provided ``url``.</doc>
<status status="PASS" start="2025-05-20T17:16:46.593802" elapsed="2.904201"/>
</kw>
<kw name="Maximize Browser Window" owner="SeleniumLibrary">
<doc>Maximizes current browser window.</doc>
<status status="PASS" start="2025-05-20T17:16:49.498519" elapsed="0.439372"/>
</kw>
<kw name="Set Selenium Implicit Wait" owner="SeleniumLibrary">
<arg>5</arg>
<doc>Sets the implicit wait value used by Selenium.</doc>
<status status="PASS" start="2025-05-20T17:16:49.938308" elapsed="0.005363"/>
</kw>
<status status="PASS" start="2025-05-20T17:16:33.904362" elapsed="16.039594"/>
</kw>
<kw name="Validate Login in sauce demo">
<kw name="Fill the login form" owner="LoginPageResource">
<kw name="Input Text" owner="SeleniumLibrary">
<msg time="2025-05-20T17:16:49.947430" level="INFO">Typing text 'problem_user' into text field 'id:user-name'.</msg>
<arg>id:user-name</arg>
<arg>${username}</arg>
<doc>Types the given ``text`` into the text field identified by ``locator``.</doc>
<status status="PASS" start="2025-05-20T17:16:49.946699" elapsed="0.414190"/>
</kw>
<kw name="Input Password" owner="SeleniumLibrary">
<msg time="2025-05-20T17:16:50.362465" level="INFO">Typing password into text field 'id:password'.</msg>
<msg time="2025-05-20T17:16:50.384093" level="INFO">Temporally setting log level to: NONE</msg>
<arg>id:password</arg>
<arg>${password}</arg>
<doc>Types the given password into the text field identified by ``locator``.</doc>
<status status="PASS" start="2025-05-20T17:16:50.361396" elapsed="0.092603"/>
</kw>
<kw name="Click Button" owner="SeleniumLibrary">
<msg time="2025-05-20T17:16:50.455114" level="INFO">Clicking button 'id:login-button'.</msg>
<arg>id:login-button</arg>
<doc>Clicks the button identified by ``locator``.</doc>
<status status="PASS" start="2025-05-20T17:16:50.454433" elapsed="0.408194"/>
</kw>
<arg>${username}</arg>
<arg>${password}</arg>
<status status="PASS" start="2025-05-20T17:16:49.945681" elapsed="0.917212"/>
</kw>
<if>
<branch type="IF" condition="'${username}' == 'standard_user' or '${username}'=='performance_glitch_user' or '${username}'=='error_user' or '${username}'=='visual_user' or '${username}'=='problem_user'">
<kw name="Verify the user is successfully logged in" owner="LoginPageResource">
<kw name="Element Text Should Be" owner="SeleniumLibrary">
<msg time="2025-05-20T17:16:50.866116" level="INFO">Verifying element 'xpath://div[@class='header_secondary_container']//span' contains exact text 'Products'.</msg>
<arg>${products}</arg>
<arg>Products</arg>
<doc>Verifies that element ``locator`` contains exact the text ``expected``.</doc>
<status status="PASS" start="2025-05-20T17:16:50.865326" elapsed="0.030766"/>
</kw>
<status status="PASS" start="2025-05-20T17:16:50.864342" elapsed="0.032038"/>
</kw>
<status status="PASS" start="2025-05-20T17:16:50.863153" elapsed="0.033366"/>
</branch>
<branch type="ELSE IF" condition="'${username}' == 'locked_out_user'">
<kw name="Verify the user get the error message by locked" owner="LoginPageResource">
<status status="NOT RUN" start="2025-05-20T17:16:50.897393" elapsed="0.000369"/>
</kw>
<status status="NOT RUN" start="2025-05-20T17:16:50.896652" elapsed="0.001285"/>
</branch>
<branch type="ELSE IF" condition="'${password}' == 'secret'">
<kw name="Verify the user get error message by empty username" owner="LoginPageResource">
<status status="NOT RUN" start="2025-05-20T17:16:50.898733" elapsed="0.000314"/>
</kw>
<status status="NOT RUN" start="2025-05-20T17:16:50.898066" elapsed="0.001197"/>
</branch>
<branch type="ELSE IF" condition="'${username}' == 'abc'">
<kw name="Verify the user get error message by empty password" owner="LoginPageResource">
<status status="NOT RUN" start="2025-05-20T17:16:50.900095" elapsed="0.000366"/>
</kw>
<status status="NOT RUN" start="2025-05-20T17:16:50.899401" elapsed="0.001218"/>
</branch>
<branch type="ELSE IF" condition="'${username}' == ''">
<kw name="Verify the user get error message by empty username" owner="LoginPageResource">
<status status="NOT RUN" start="2025-05-20T17:16:50.901544" elapsed="0.000627"/>
</kw>
<status status="NOT RUN" start="2025-05-20T17:16:50.900790" elapsed="0.001562"/>
</branch>
<status status="PASS" start="2025-05-20T17:16:50.863088" elapsed="0.039397"/>
</if>
<arg>username=problem_user</arg>
<arg>password=secret_sauce</arg>
<status status="PASS" start="2025-05-20T17:16:49.944599" elapsed="0.958057"/>
</kw>
<kw name="Close browser session" owner="GenericResources" type="TEARDOWN">
<kw name="Close Browser" owner="SeleniumLibrary">
<doc>Closes the current browser.</doc>
<status status="PASS" start="2025-05-20T17:16:50.904392" elapsed="5.283109"/>
</kw>
<status status="PASS" start="2025-05-20T17:16:50.903260" elapsed="5.284428"/>
</kw>
<status status="PASS" start="2025-05-20T17:16:33.902361" elapsed="22.285416"/>
</test>
<test id="s1-s1-t4" name="Validate Login with" line="16">
<kw name="Open the Browser with URL" owner="GenericResources" type="SETUP">
<kw name="Create Webdriver" owner="SeleniumLibrary">
<msg time="2025-05-20T17:16:56.191964" level="INFO">Creating an instance of the Firefox WebDriver.</msg>
<arg>${browser_name}</arg>
<doc>Creates an instance of Selenium WebDriver.</doc>
<status status="PASS" start="2025-05-20T17:16:56.191233" elapsed="12.154801"/>
</kw>
<kw name="Go To" owner="SeleniumLibrary">
<msg time="2025-05-20T17:17:08.347297" level="INFO">Opening url 'https://www.saucedemo.com/'</msg>
<arg>${url}</arg>
<doc>Navigates the current browser window to the provided ``url``.</doc>
<status status="PASS" start="2025-05-20T17:17:08.346511" elapsed="3.917808"/>
</kw>
<kw name="Maximize Browser Window" owner="SeleniumLibrary">
<doc>Maximizes current browser window.</doc>
<status status="PASS" start="2025-05-20T17:17:12.264808" elapsed="0.337103"/>
</kw>
<kw name="Set Selenium Implicit Wait" owner="SeleniumLibrary">
<arg>5</arg>
<doc>Sets the implicit wait value used by Selenium.</doc>
<status status="PASS" start="2025-05-20T17:17:12.602380" elapsed="0.007796"/>
</kw>
<status status="PASS" start="2025-05-20T17:16:56.190463" elapsed="16.420075"/>
</kw>
<kw name="Validate Login in sauce demo">
<kw name="Fill the login form" owner="LoginPageResource">
<kw name="Input Text" owner="SeleniumLibrary">
<msg time="2025-05-20T17:17:12.614319" level="INFO">Typing text 'performance_glitch_user' into text field 'id:user-name'.</msg>
<arg>id:user-name</arg>
<arg>${username}</arg>
<doc>Types the given ``text`` into the text field identified by ``locator``.</doc>
<status status="PASS" start="2025-05-20T17:17:12.613372" elapsed="0.469452"/>
</kw>
<kw name="Input Password" owner="SeleniumLibrary">
<msg time="2025-05-20T17:17:13.083943" level="INFO">Typing password into text field 'id:password'.</msg>
<msg time="2025-05-20T17:17:13.099663" level="INFO">Temporally setting log level to: NONE</msg>
<arg>id:password</arg>
<arg>${password}</arg>
<doc>Types the given password into the text field identified by ``locator``.</doc>
<status status="PASS" start="2025-05-20T17:17:13.083218" elapsed="0.093182"/>
</kw>
<kw name="Click Button" owner="SeleniumLibrary">
<msg time="2025-05-20T17:17:13.177464" level="INFO">Clicking button 'id:login-button'.</msg>
<arg>id:login-button</arg>
<doc>Clicks the button identified by ``locator``.</doc>
<status status="PASS" start="2025-05-20T17:17:13.176776" elapsed="5.475214"/>
</kw>
<arg>${username}</arg>
<arg>${password}</arg>
<status status="PASS" start="2025-05-20T17:17:12.612305" elapsed="6.039985"/>
</kw>
<if>
<branch type="IF" condition="'${username}' == 'standard_user' or '${username}'=='performance_glitch_user' or '${username}'=='error_user' or '${username}'=='visual_user' or '${username}'=='problem_user'">
<kw name="Verify the user is successfully logged in" owner="LoginPageResource">
<kw name="Element Text Should Be" owner="SeleniumLibrary">
<msg time="2025-05-20T17:17:18.655899" level="INFO">Verifying element 'xpath://div[@class='header_secondary_container']//span' contains exact text 'Products'.</msg>
<arg>${products}</arg>
<arg>Products</arg>
<doc>Verifies that element ``locator`` contains exact the text ``expected``.</doc>
<status status="PASS" start="2025-05-20T17:17:18.655086" elapsed="0.026177"/>
</kw>
<status status="PASS" start="2025-05-20T17:17:18.654066" elapsed="0.027540"/>
</kw>
<status status="PASS" start="2025-05-20T17:17:18.652635" elapsed="0.029114"/>
</branch>
<branch type="ELSE IF" condition="'${username}' == 'locked_out_user'">
<kw name="Verify the user get the error message by locked" owner="LoginPageResource">
<status status="NOT RUN" start="2025-05-20T17:17:18.682938" elapsed="0.000312"/>
</kw>
<status status="NOT RUN" start="2025-05-20T17:17:18.682190" elapsed="0.001209"/>
</branch>
<branch type="ELSE IF" condition="'${password}' == 'secret'">
<kw name="Verify the user get error message by empty username" owner="LoginPageResource">
<status status="NOT RUN" start="2025-05-20T17:17:18.684368" elapsed="0.000321"/>
</kw>
<status status="NOT RUN" start="2025-05-20T17:17:18.683526" elapsed="0.001315"/>
</branch>
<branch type="ELSE IF" condition="'${username}' == 'abc'">
<kw name="Verify the user get error message by empty password" owner="LoginPageResource">
<status status="NOT RUN" start="2025-05-20T17:17:18.685608" elapsed="0.000455"/>
</kw>
<status status="NOT RUN" start="2025-05-20T17:17:18.684969" elapsed="0.001237"/>
</branch>
<branch type="ELSE IF" condition="'${username}' == ''">
<kw name="Verify the user get error message by empty username" owner="LoginPageResource">
<status status="NOT RUN" start="2025-05-20T17:17:18.686900" elapsed="0.000275"/>
</kw>
<status status="NOT RUN" start="2025-05-20T17:17:18.686328" elapsed="0.000984"/>
</branch>
<status status="PASS" start="2025-05-20T17:17:18.652565" elapsed="0.034891"/>
</if>
<arg>username=performance_glitch_user</arg>
<arg>password=secret_sauce</arg>
<status status="PASS" start="2025-05-20T17:17:12.611151" elapsed="6.076470"/>
</kw>
<kw name="Close browser session" owner="GenericResources" type="TEARDOWN">
<kw name="Close Browser" owner="SeleniumLibrary">
<doc>Closes the current browser.</doc>
<status status="PASS" start="2025-05-20T17:17:18.689017" elapsed="4.220285"/>
</kw>
<status status="PASS" start="2025-05-20T17:17:18.688134" elapsed="4.221314"/>
</kw>
<status status="PASS" start="2025-05-20T17:16:56.188215" elapsed="26.721292"/>
</test>
<test id="s1-s1-t5" name="Validate Login with" line="16">
<kw name="Open the Browser with URL" owner="GenericResources" type="SETUP">
<kw name="Create Webdriver" owner="SeleniumLibrary">
<msg time="2025-05-20T17:17:22.911637" level="INFO">Creating an instance of the Firefox WebDriver.</msg>
<arg>${browser_name}</arg>
<doc>Creates an instance of Selenium WebDriver.</doc>
<status status="PASS" start="2025-05-20T17:17:22.911391" elapsed="11.436942"/>
</kw>
<kw name="Go To" owner="SeleniumLibrary">
<msg time="2025-05-20T17:17:34.350027" level="INFO">Opening url 'https://www.saucedemo.com/'</msg>
<arg>${url}</arg>
<doc>Navigates the current browser window to the provided ``url``.</doc>
<status status="PASS" start="2025-05-20T17:17:34.349019" elapsed="2.691859"/>
</kw>
<kw name="Maximize Browser Window" owner="SeleniumLibrary">
<doc>Maximizes current browser window.</doc>
<status status="PASS" start="2025-05-20T17:17:37.041321" elapsed="0.292104"/>
</kw>
<kw name="Set Selenium Implicit Wait" owner="SeleniumLibrary">
<arg>5</arg>
<doc>Sets the implicit wait value used by Selenium.</doc>
<status status="PASS" start="2025-05-20T17:17:37.333843" elapsed="0.005958"/>
</kw>
<status status="PASS" start="2025-05-20T17:17:22.910944" elapsed="14.429159"/>
</kw>
<kw name="Validate Login in sauce demo">
<kw name="Fill the login form" owner="LoginPageResource">
<kw name="Input Text" owner="SeleniumLibrary">
<msg time="2025-05-20T17:17:37.343913" level="INFO">Typing text 'error_user' into text field 'id:user-name'.</msg>
<arg>id:user-name</arg>
<arg>${username}</arg>
<doc>Types the given ``text`` into the text field identified by ``locator``.</doc>
<status status="PASS" start="2025-05-20T17:17:37.343141" elapsed="0.568428"/>
</kw>
<kw name="Input Password" owner="SeleniumLibrary">
<msg time="2025-05-20T17:17:37.913074" level="INFO">Typing password into text field 'id:password'.</msg>
<msg time="2025-05-20T17:17:37.985693" level="INFO">Temporally setting log level to: NONE</msg>
<arg>id:password</arg>
<arg>${password}</arg>
<doc>Types the given password into the text field identified by ``locator``.</doc>
<status status="PASS" start="2025-05-20T17:17:37.912178" elapsed="0.173609"/>
</kw>
<kw name="Click Button" owner="SeleniumLibrary">
<msg time="2025-05-20T17:17:38.087157" level="INFO">Clicking button 'id:login-button'.</msg>
<arg>id:login-button</arg>
<doc>Clicks the button identified by ``locator``.</doc>
<status status="PASS" start="2025-05-20T17:17:38.086252" elapsed="0.465852"/>
</kw>
<arg>${username}</arg>
<arg>${password}</arg>
<status status="PASS" start="2025-05-20T17:17:37.342036" elapsed="1.210369"/>
</kw>
<if>
<branch type="IF" condition="'${username}' == 'standard_user' or '${username}'=='performance_glitch_user' or '${username}'=='error_user' or '${username}'=='visual_user' or '${username}'=='problem_user'">
<kw name="Verify the user is successfully logged in" owner="LoginPageResource">
<kw name="Element Text Should Be" owner="SeleniumLibrary">
<msg time="2025-05-20T17:17:38.555943" level="INFO">Verifying element 'xpath://div[@class='header_secondary_container']//span' contains exact text 'Products'.</msg>
<arg>${products}</arg>
<arg>Products</arg>
<doc>Verifies that element ``locator`` contains exact the text ``expected``.</doc>
<status status="PASS" start="2025-05-20T17:17:38.555132" elapsed="0.029896"/>
</kw>
<status status="PASS" start="2025-05-20T17:17:38.554148" elapsed="0.031202"/>
</kw>
<status status="PASS" start="2025-05-20T17:17:38.552695" elapsed="0.032785"/>
</branch>
<branch type="ELSE IF" condition="'${username}' == 'locked_out_user'">
<kw name="Verify the user get the error message by locked" owner="LoginPageResource">
<status status="NOT RUN" start="2025-05-20T17:17:38.586398" elapsed="0.000535"/>
</kw>
<status status="NOT RUN" start="2025-05-20T17:17:38.585618" elapsed="0.001510"/>
</branch>
<branch type="ELSE IF" condition="'${password}' == 'secret'">
<kw name="Verify the user get error message by empty username" owner="LoginPageResource">
<status status="NOT RUN" start="2025-05-20T17:17:38.588072" elapsed="0.000387"/>
</kw>
<status status="NOT RUN" start="2025-05-20T17:17:38.587270" elapsed="0.001348"/>
</branch>
<branch type="ELSE IF" condition="'${username}' == 'abc'">
<kw name="Verify the user get error message by empty password" owner="LoginPageResource">
<status status="NOT RUN" start="2025-05-20T17:17:38.589633" elapsed="0.000424"/>
</kw>
<status status="NOT RUN" start="2025-05-20T17:17:38.588759" elapsed="0.001458"/>
</branch>
<branch type="ELSE IF" condition="'${username}' == ''">
<kw name="Verify the user get error message by empty username" owner="LoginPageResource">
<status status="NOT RUN" start="2025-05-20T17:17:38.591092" elapsed="0.000316"/>
</kw>
<status status="NOT RUN" start="2025-05-20T17:17:38.590399" elapsed="0.001138"/>
</branch>
<status status="PASS" start="2025-05-20T17:17:38.552623" elapsed="0.039067"/>
</if>
<arg>username=error_user</arg>
<arg>password=secret_sauce</arg>
<status status="PASS" start="2025-05-20T17:17:37.340799" elapsed="1.251046"/>
</kw>
<kw name="Close browser session" owner="GenericResources" type="TEARDOWN">
<kw name="Close Browser" owner="SeleniumLibrary">
<doc>Closes the current browser.</doc>
<status status="PASS" start="2025-05-20T17:17:38.593331" elapsed="6.047579"/>
</kw>
<status status="PASS" start="2025-05-20T17:17:38.592363" elapsed="6.048767"/>
</kw>
<status status="PASS" start="2025-05-20T17:17:22.909832" elapsed="21.731483"/>
</test>
<test id="s1-s1-t6" name="Validate Login with" line="16">
<kw name="Open the Browser with URL" owner="GenericResources" type="SETUP">
<kw name="Create Webdriver" owner="SeleniumLibrary">
<msg time="2025-05-20T17:17:44.644403" level="INFO">Creating an instance of the Firefox WebDriver.</msg>
<arg>${browser_name}</arg>
<doc>Creates an instance of Selenium WebDriver.</doc>
<status status="PASS" start="2025-05-20T17:17:44.644010" elapsed="10.195656"/>
</kw>
<kw name="Go To" owner="SeleniumLibrary">
<msg time="2025-05-20T17:17:54.840945" level="INFO">Opening url 'https://www.saucedemo.com/'</msg>
<arg>${url}</arg>
<doc>Navigates the current browser window to the provided ``url``.</doc>
<status status="PASS" start="2025-05-20T17:17:54.840191" elapsed="2.993998"/>
</kw>
<kw name="Maximize Browser Window" owner="SeleniumLibrary">
<doc>Maximizes current browser window.</doc>
<status status="PASS" start="2025-05-20T17:17:57.834763" elapsed="0.345471"/>
</kw>
<kw name="Set Selenium Implicit Wait" owner="SeleniumLibrary">
<arg>5</arg>
<doc>Sets the implicit wait value used by Selenium.</doc>
<status status="PASS" start="2025-05-20T17:17:58.180771" elapsed="0.009449"/>
</kw>
<status status="PASS" start="2025-05-20T17:17:44.643444" elapsed="13.547195"/>
</kw>
<kw name="Validate Login in sauce demo">
<kw name="Fill the login form" owner="LoginPageResource">
<kw name="Input Text" owner="SeleniumLibrary">
<msg time="2025-05-20T17:17:58.196379" level="INFO">Typing text 'visual_user' into text field 'id:user-name'.</msg>
<arg>id:user-name</arg>
<arg>${username}</arg>
<doc>Types the given ``text`` into the text field identified by ``locator``.</doc>
<status status="PASS" start="2025-05-20T17:17:58.195380" elapsed="0.377724"/>
</kw>
<kw name="Input Password" owner="SeleniumLibrary">
<msg time="2025-05-20T17:17:58.574515" level="INFO">Typing password into text field 'id:password'.</msg>
<msg time="2025-05-20T17:17:58.597317" level="INFO">Temporally setting log level to: NONE</msg>
<arg>id:password</arg>
<arg>${password}</arg>
<doc>Types the given password into the text field identified by ``locator``.</doc>
<status status="PASS" start="2025-05-20T17:17:58.573614" elapsed="0.094869"/>
</kw>
<kw name="Click Button" owner="SeleniumLibrary">
<msg time="2025-05-20T17:17:58.669481" level="INFO">Clicking button 'id:login-button'.</msg>
<arg>id:login-button</arg>
<doc>Clicks the button identified by ``locator``.</doc>
<status status="PASS" start="2025-05-20T17:17:58.668855" elapsed="0.651841"/>
</kw>
<arg>${username}</arg>
<arg>${password}</arg>
<status status="PASS" start="2025-05-20T17:17:58.193723" elapsed="1.127421"/>
</kw>
<if>
<branch type="IF" condition="'${username}' == 'standard_user' or '${username}'=='performance_glitch_user' or '${username}'=='error_user' or '${username}'=='visual_user' or '${username}'=='problem_user'">
<kw name="Verify the user is successfully logged in" owner="LoginPageResource">
<kw name="Element Text Should Be" owner="SeleniumLibrary">
<msg time="2025-05-20T17:17:59.324451" level="INFO">Verifying element 'xpath://div[@class='header_secondary_container']//span' contains exact text 'Products'.</msg>
<arg>${products}</arg>
<arg>Products</arg>
<doc>Verifies that element ``locator`` contains exact the text ``expected``.</doc>
<status status="PASS" start="2025-05-20T17:17:59.323593" elapsed="0.147030"/>
</kw>
<status status="PASS" start="2025-05-20T17:17:59.322708" elapsed="0.148341"/>
</kw>
<status status="PASS" start="2025-05-20T17:17:59.321482" elapsed="0.149679"/>
</branch>
<branch type="ELSE IF" condition="'${username}' == 'locked_out_user'">
<kw name="Verify the user get the error message by locked" owner="LoginPageResource">
<status status="NOT RUN" start="2025-05-20T17:17:59.472018" elapsed="0.000371"/>
</kw>
<status status="NOT RUN" start="2025-05-20T17:17:59.471287" elapsed="0.001222"/>
</branch>
<branch type="ELSE IF" condition="'${password}' == 'secret'">
<kw name="Verify the user get error message by empty username" owner="LoginPageResource">
<status status="NOT RUN" start="2025-05-20T17:17:59.473293" elapsed="0.000416"/>
</kw>
<status status="NOT RUN" start="2025-05-20T17:17:59.472614" elapsed="0.001266"/>
</branch>
<branch type="ELSE IF" condition="'${username}' == 'abc'">
<kw name="Verify the user get error message by empty password" owner="LoginPageResource">
<status status="NOT RUN" start="2025-05-20T17:17:59.475025" elapsed="0.000568"/>
</kw>
<status status="NOT RUN" start="2025-05-20T17:17:59.474017" elapsed="0.001736"/>
</branch>
<branch type="ELSE IF" condition="'${username}' == ''">
<kw name="Verify the user get error message by empty username" owner="LoginPageResource">
<status status="NOT RUN" start="2025-05-20T17:17:59.476830" elapsed="0.000598"/>
</kw>
<status status="NOT RUN" start="2025-05-20T17:17:59.476022" elapsed="0.001621"/>
</branch>
<status status="PASS" start="2025-05-20T17:17:59.321381" elapsed="0.156377"/>
</if>
<arg>username=visual_user</arg>
<arg>password=secret_sauce</arg>
<status status="PASS" start="2025-05-20T17:17:58.191346" elapsed="1.286556"/>
</kw>
<kw name="Close browser session" owner="GenericResources" type="TEARDOWN">
<kw name="Close Browser" owner="SeleniumLibrary">
<doc>Closes the current browser.</doc>
<status status="PASS" start="2025-05-20T17:17:59.479231" elapsed="6.326604"/>
</kw>
<status status="PASS" start="2025-05-20T17:17:59.478388" elapsed="6.327747"/>
</kw>
<status status="PASS" start="2025-05-20T17:17:44.641834" elapsed="21.164435"/>
</test>
<test id="s1-s1-t7" name="Validate Login with" line="16">
<kw name="Open the Browser with URL" owner="GenericResources" type="SETUP">
<kw name="Create Webdriver" owner="SeleniumLibrary">
<msg time="2025-05-20T17:18:05.811305" level="INFO">Creating an instance of the Firefox WebDriver.</msg>
<arg>${browser_name}</arg>
<doc>Creates an instance of Selenium WebDriver.</doc>
<status status="PASS" start="2025-05-20T17:18:05.810630" elapsed="8.927202"/>
</kw>
<kw name="Go To" owner="SeleniumLibrary">
<msg time="2025-05-20T17:18:14.739163" level="INFO">Opening url 'https://www.saucedemo.com/'</msg>
<arg>${url}</arg>
<doc>Navigates the current browser window to the provided ``url``.</doc>
<status status="PASS" start="2025-05-20T17:18:14.738331" elapsed="2.438693"/>
</kw>
<kw name="Maximize Browser Window" owner="SeleniumLibrary">
<doc>Maximizes current browser window.</doc>
<status status="PASS" start="2025-05-20T17:18:17.177443" elapsed="0.290421"/>
</kw>
<kw name="Set Selenium Implicit Wait" owner="SeleniumLibrary">
<arg>5</arg>
<doc>Sets the implicit wait value used by Selenium.</doc>
<status status="PASS" start="2025-05-20T17:18:17.468542" elapsed="0.005550"/>
</kw>
<status status="PASS" start="2025-05-20T17:18:05.809567" elapsed="11.664816"/>
</kw>
<kw name="Validate Login in sauce demo">
<kw name="Fill the login form" owner="LoginPageResource">
<kw name="Input Text" owner="SeleniumLibrary">
<msg time="2025-05-20T17:18:17.477714" level="INFO">Typing text '' into text field 'id:user-name'.</msg>
<arg>id:user-name</arg>
<arg>${username}</arg>
<doc>Types the given ``text`` into the text field identified by ``locator``.</doc>
<status status="PASS" start="2025-05-20T17:18:17.477057" elapsed="0.224660"/>
</kw>
<kw name="Input Password" owner="SeleniumLibrary">
<msg time="2025-05-20T17:18:17.703004" level="INFO">Typing password into text field 'id:password'.</msg>
<msg time="2025-05-20T17:18:17.714489" level="INFO">Temporally setting log level to: NONE</msg>
<arg>id:password</arg>
<arg>${password}</arg>
<doc>Types the given password into the text field identified by ``locator``.</doc>
<status status="PASS" start="2025-05-20T17:18:17.702192" elapsed="0.030245"/>
</kw>
<kw name="Click Button" owner="SeleniumLibrary">
<msg time="2025-05-20T17:18:17.733481" level="INFO">Clicking button 'id:login-button'.</msg>
<arg>id:login-button</arg>
<doc>Clicks the button identified by ``locator``.</doc>
<status status="PASS" start="2025-05-20T17:18:17.732842" elapsed="0.592627"/>
</kw>
<arg>${username}</arg>
<arg>${password}</arg>
<status status="PASS" start="2025-05-20T17:18:17.476076" elapsed="0.849672"/>
</kw>
<if>
<branch type="IF" condition="'${username}' == 'standard_user' or '${username}'=='performance_glitch_user' or '${username}'=='error_user' or '${username}'=='visual_user' or '${username}'=='problem_user'">
<kw name="Verify the user is successfully logged in" owner="LoginPageResource">
<status status="NOT RUN" start="2025-05-20T17:18:18.327219" elapsed="0.000293"/>
</kw>
<status status="NOT RUN" start="2025-05-20T17:18:18.326054" elapsed="0.001597"/>
</branch>
<branch type="ELSE IF" condition="'${username}' == 'locked_out_user'">
<kw name="Verify the user get the error message by locked" owner="LoginPageResource">
<status status="NOT RUN" start="2025-05-20T17:18:18.328637" elapsed="0.000312"/>
</kw>
<status status="NOT RUN" start="2025-05-20T17:18:18.327778" elapsed="0.001315"/>
</branch>
<branch type="ELSE IF" condition="'${password}' == 'secret'">
<kw name="Verify the user get error message by empty username" owner="LoginPageResource">
<status status="NOT RUN" start="2025-05-20T17:18:18.330044" elapsed="0.000257"/>
</kw>
<status status="NOT RUN" start="2025-05-20T17:18:18.329216" elapsed="0.001210"/>
</branch>
<branch type="ELSE IF" condition="'${username}' == 'abc'">
<kw name="Verify the user get error message by empty password" owner="LoginPageResource">
<status status="NOT RUN" start="2025-05-20T17:18:18.331393" elapsed="0.000292"/>
</kw>
<status status="NOT RUN" start="2025-05-20T17:18:18.330587" elapsed="0.001253"/>
</branch>
<branch type="ELSE IF" condition="'${username}' == ''">
<kw name="Verify the user get error message by empty username" owner="LoginPageResource">
<kw name="Element Text Should Be" owner="SeleniumLibrary">
<msg time="2025-05-20T17:18:18.334403" level="INFO">Verifying element 'xpath://h3[@data-test='error']' contains exact text 'Epic sadface: Username is required'.</msg>
<arg>${error_message}</arg>
<arg>Epic sadface: Username is required</arg>
<doc>Verifies that element ``locator`` contains exact the text ``expected``.</doc>
<status status="PASS" start="2025-05-20T17:18:18.333583" elapsed="0.030077"/>
</kw>
<status status="PASS" start="2025-05-20T17:18:18.332770" elapsed="0.031236"/>
</kw>
<status status="PASS" start="2025-05-20T17:18:18.331944" elapsed="0.032319"/>
</branch>
<status status="PASS" start="2025-05-20T17:18:18.325988" elapsed="0.038437"/>
</if>
<arg>username=</arg>
<arg>password=</arg>
<status status="PASS" start="2025-05-20T17:18:17.474960" elapsed="0.889643"/>
</kw>
<kw name="Close browser session" owner="GenericResources" type="TEARDOWN">
<kw name="Close Browser" owner="SeleniumLibrary">
<doc>Closes the current browser.</doc>
<status status="PASS" start="2025-05-20T17:18:18.366398" elapsed="7.998796"/>
</kw>
<status status="PASS" start="2025-05-20T17:18:18.365309" elapsed="8.000194"/>
</kw>
<status status="PASS" start="2025-05-20T17:18:05.806881" elapsed="20.558799"/>
</test>
<test id="s1-s1-t8" name="Validate Login with" line="16">
<kw name="Open the Browser with URL" owner="GenericResources" type="SETUP">
<kw name="Create Webdriver" owner="SeleniumLibrary">
<msg time="2025-05-20T17:18:26.371417" level="INFO">Creating an instance of the Firefox WebDriver.</msg>
<arg>${browser_name}</arg>
<doc>Creates an instance of Selenium WebDriver.</doc>
<status status="PASS" start="2025-05-20T17:18:26.370769" elapsed="9.758721"/>
</kw>
<kw name="Go To" owner="SeleniumLibrary">
<msg time="2025-05-20T17:18:36.130482" level="INFO">Opening url 'https://www.saucedemo.com/'</msg>
<arg>${url}</arg>
<doc>Navigates the current browser window to the provided ``url``.</doc>
<status status="PASS" start="2025-05-20T17:18:36.129866" elapsed="1.644240"/>
</kw>
<kw name="Maximize Browser Window" owner="SeleniumLibrary">
<doc>Maximizes current browser window.</doc>
<status status="PASS" start="2025-05-20T17:18:37.774487" elapsed="0.341710"/>
</kw>
<kw name="Set Selenium Implicit Wait" owner="SeleniumLibrary">
<arg>5</arg>
<doc>Sets the implicit wait value used by Selenium.</doc>
<status status="PASS" start="2025-05-20T17:18:38.116667" elapsed="0.007363"/>
</kw>
<status status="PASS" start="2025-05-20T17:18:26.369795" elapsed="11.754747"/>
</kw>
<kw name="Validate Login in sauce demo">
<kw name="Fill the login form" owner="LoginPageResource">
<kw name="Input Text" owner="SeleniumLibrary">
<msg time="2025-05-20T17:18:38.130217" level="INFO">Typing text 'abc' into text field 'id:user-name'.</msg>
<arg>id:user-name</arg>
<arg>${username}</arg>
<doc>Types the given ``text`` into the text field identified by ``locator``.</doc>
<status status="PASS" start="2025-05-20T17:18:38.129110" elapsed="0.393593"/>
</kw>
<kw name="Input Password" owner="SeleniumLibrary">
<msg time="2025-05-20T17:18:38.524201" level="INFO">Typing password into text field 'id:password'.</msg>
<msg time="2025-05-20T17:18:38.565728" level="INFO">Temporally setting log level to: NONE</msg>
<arg>id:password</arg>
<arg>${password}</arg>
<doc>Types the given password into the text field identified by ``locator``.</doc>
<status status="PASS" start="2025-05-20T17:18:38.523450" elapsed="0.064826"/>
</kw>
<kw name="Click Button" owner="SeleniumLibrary">
<msg time="2025-05-20T17:18:38.589565" level="INFO">Clicking button 'id:login-button'.</msg>
<arg>id:login-button</arg>
<doc>Clicks the button identified by ``locator``.</doc>
<status status="PASS" start="2025-05-20T17:18:38.588720" elapsed="0.387477"/>
</kw>
<arg>${username}</arg>
<arg>${password}</arg>
<status status="PASS" start="2025-05-20T17:18:38.127975" elapsed="0.848503"/>
</kw>
<if>
<branch type="IF" condition="'${username}' == 'standard_user' or '${username}'=='performance_glitch_user' or '${username}'=='error_user' or '${username}'=='visual_user' or '${username}'=='problem_user'">
<kw name="Verify the user is successfully logged in" owner="LoginPageResource">
<status status="NOT RUN" start="2025-05-20T17:18:38.977911" elapsed="0.000295"/>
</kw>
<status status="NOT RUN" start="2025-05-20T17:18:38.976754" elapsed="0.001596"/>
</branch>
<branch type="ELSE IF" condition="'${username}' == 'locked_out_user'">
<kw name="Verify the user get the error message by locked" owner="LoginPageResource">
<status status="NOT RUN" start="2025-05-20T17:18:38.979383" elapsed="0.000278"/>
</kw>
<status status="NOT RUN" start="2025-05-20T17:18:38.978469" elapsed="0.001381"/>
</branch>
<branch type="ELSE IF" condition="'${password}' == 'secret'">
<kw name="Verify the user get error message by empty username" owner="LoginPageResource">
<status status="NOT RUN" start="2025-05-20T17:18:38.980993" elapsed="0.000292"/>
</kw>
<status status="NOT RUN" start="2025-05-20T17:18:38.979980" elapsed="0.001435"/>
</branch>
<branch type="ELSE IF" condition="'${username}' == 'abc'">
<kw name="Verify the user get error message by empty password" owner="LoginPageResource">
<kw name="Element Text Should Be" owner="SeleniumLibrary">
<msg time="2025-05-20T17:18:38.983907" level="INFO">Verifying element 'xpath://h3[@data-test='error']' contains exact text 'Epic sadface: Password is required'.</msg>
<arg>${error_message}</arg>
<arg>Epic sadface: Password is required</arg>
<doc>Verifies that element ``locator`` contains exact the text ``expected``.</doc>
<status status="PASS" start="2025-05-20T17:18:38.983169" elapsed="0.030036"/>
</kw>
<status status="PASS" start="2025-05-20T17:18:38.982389" elapsed="0.031106"/>
</kw>
<status status="PASS" start="2025-05-20T17:18:38.981523" elapsed="0.032151"/>
</branch>
<branch type="ELSE IF" condition="'${username}' == ''">
<kw name="Verify the user get error message by empty username" owner="LoginPageResource">
<status status="NOT RUN" start="2025-05-20T17:18:39.014558" elapsed="0.000373"/>
</kw>
<status status="NOT RUN" start="2025-05-20T17:18:39.013803" elapsed="0.001266"/>
</branch>
<status status="PASS" start="2025-05-20T17:18:38.976682" elapsed="0.038491"/>
</if>
<arg>username=abc</arg>
<arg>password=</arg>
<status status="PASS" start="2025-05-20T17:18:38.125275" elapsed="0.890037"/>
</kw>
<kw name="Close browser session" owner="GenericResources" type="TEARDOWN">
<kw name="Close Browser" owner="SeleniumLibrary">
<doc>Closes the current browser.</doc>
<status status="PASS" start="2025-05-20T17:18:39.017081" elapsed="12.221850"/>
</kw>
<status status="PASS" start="2025-05-20T17:18:39.016038" elapsed="12.223198"/>
</kw>
<status status="PASS" start="2025-05-20T17:18:26.366338" elapsed="24.873043"/>
</test>
<test id="s1-s1-t9" name="Validate Login with" line="16">
<kw name="Open the Browser with URL" owner="GenericResources" type="SETUP">
<kw name="Create Webdriver" owner="SeleniumLibrary">
<msg time="2025-05-20T17:18:51.244206" level="INFO">Creating an instance of the Firefox WebDriver.</msg>
<arg>${browser_name}</arg>
<doc>Creates an instance of Selenium WebDriver.</doc>
<status status="PASS" start="2025-05-20T17:18:51.243248" elapsed="12.215216"/>
</kw>
<kw name="Go To" owner="SeleniumLibrary">
<msg time="2025-05-20T17:19:03.459404" level="INFO">Opening url 'https://www.saucedemo.com/'</msg>
<arg>${url}</arg>
<doc>Navigates the current browser window to the provided ``url``.</doc>
<status status="PASS" start="2025-05-20T17:19:03.458833" elapsed="3.548974"/>
</kw>
<kw name="Maximize Browser Window" owner="SeleniumLibrary">
<doc>Maximizes current browser window.</doc>
<status status="PASS" start="2025-05-20T17:19:07.008242" elapsed="0.392846"/>
</kw>
<kw name="Set Selenium Implicit Wait" owner="SeleniumLibrary">
<arg>5</arg>
<doc>Sets the implicit wait value used by Selenium.</doc>
<status status="PASS" start="2025-05-20T17:19:07.401489" elapsed="0.007642"/>
</kw>
<status status="PASS" start="2025-05-20T17:18:51.242234" elapsed="16.169587"/>
</kw>
<kw name="Validate Login in sauce demo">
<kw name="Fill the login form" owner="LoginPageResource">
<kw name="Input Text" owner="SeleniumLibrary">
<msg time="2025-05-20T17:19:07.417582" level="INFO">Typing text '' into text field 'id:user-name'.</msg>
<arg>id:user-name</arg>
<arg>${username}</arg>
<doc>Types the given ``text`` into the text field identified by ``locator``.</doc>
<status status="PASS" start="2025-05-20T17:19:07.416783" elapsed="0.390575"/>
</kw>
<kw name="Input Password" owner="SeleniumLibrary">
<msg time="2025-05-20T17:19:07.808646" level="INFO">Typing password into text field 'id:password'.</msg>
<msg time="2025-05-20T17:19:07.823145" level="INFO">Temporally setting log level to: NONE</msg>
<arg>id:password</arg>
<arg>${password}</arg>
<doc>Types the given password into the text field identified by ``locator``.</doc>
<status status="PASS" start="2025-05-20T17:19:07.807751" elapsed="0.208013"/>
</kw>
<kw name="Click Button" owner="SeleniumLibrary">
<msg time="2025-05-20T17:19:08.017498" level="INFO">Clicking button 'id:login-button'.</msg>
<arg>id:login-button</arg>
<doc>Clicks the button identified by ``locator``.</doc>
<status status="PASS" start="2025-05-20T17:19:08.016411" elapsed="0.335652"/>
</kw>
<arg>${username}</arg>
<arg>${password}</arg>
<status status="PASS" start="2025-05-20T17:19:07.415772" elapsed="0.936620"/>
</kw>
<if>
<branch type="IF" condition="'${username}' == 'standard_user' or '${username}'=='performance_glitch_user' or '${username}'=='error_user' or '${username}'=='visual_user' or '${username}'=='problem_user'">
<kw name="Verify the user is successfully logged in" owner="LoginPageResource">
<status status="NOT RUN" start="2025-05-20T17:19:08.354210" elapsed="0.000446"/>
</kw>
<status status="NOT RUN" start="2025-05-20T17:19:08.352748" elapsed="0.002074"/>
</branch>
<branch type="ELSE IF" condition="'${username}' == 'locked_out_user'">
<kw name="Verify the user get the error message by locked" owner="LoginPageResource">
<status status="NOT RUN" start="2025-05-20T17:19:08.355960" elapsed="0.000303"/>
</kw>
<status status="NOT RUN" start="2025-05-20T17:19:08.354957" elapsed="0.001475"/>
</branch>
<branch type="ELSE IF" condition="'${password}' == 'secret'">
<kw name="Verify the user get error message by empty username" owner="LoginPageResource">
<kw name="Element Text Should Be" owner="SeleniumLibrary">
<msg time="2025-05-20T17:19:08.359080" level="INFO">Verifying element 'xpath://h3[@data-test='error']' contains exact text 'Epic sadface: Username is required'.</msg>
<arg>${error_message}</arg>
<arg>Epic sadface: Username is required</arg>
<doc>Verifies that element ``locator`` contains exact the text ``expected``.</doc>
<status status="PASS" start="2025-05-20T17:19:08.358165" elapsed="0.052853"/>
</kw>
<status status="PASS" start="2025-05-20T17:19:08.357289" elapsed="0.054632"/>
</kw>
<status status="PASS" start="2025-05-20T17:19:08.356548" elapsed="0.055657"/>
</branch>
<branch type="ELSE IF" condition="'${username}' == 'abc'">
<kw name="Verify the user get error message by empty password" owner="LoginPageResource">
<status status="NOT RUN" start="2025-05-20T17:19:08.413444" elapsed="0.000415"/>
</kw>
<status status="NOT RUN" start="2025-05-20T17:19:08.412476" elapsed="0.001572"/>
</branch>
<branch type="ELSE IF" condition="'${username}' == ''">
<kw name="Verify the user get error message by empty username" owner="LoginPageResource">
<status status="NOT RUN" start="2025-05-20T17:19:08.415098" elapsed="0.000440"/>
</kw>
<status status="NOT RUN" start="2025-05-20T17:19:08.414226" elapsed="0.001539"/>
</branch>
<status status="PASS" start="2025-05-20T17:19:08.352651" elapsed="0.063367"/>
</if>
<arg>username=</arg>
<arg>password=secret</arg>
<status status="PASS" start="2025-05-20T17:19:07.414545" elapsed="1.001737"/>
</kw>
<kw name="Close browser session" owner="GenericResources" type="TEARDOWN">
<kw name="Close Browser" owner="SeleniumLibrary">
<doc>Closes the current browser.</doc>
<status status="PASS" start="2025-05-20T17:19:08.418637" elapsed="7.202499"/>
</kw>
<status status="PASS" start="2025-05-20T17:19:08.417186" elapsed="7.204220"/>
</kw>
<status status="PASS" start="2025-05-20T17:18:51.239973" elapsed="24.381587"/>
</test>
<doc>Tests to Login to Login Page</doc>
<status status="PASS" start="2025-05-20T17:14:54.794845" elapsed="260.829174"/>
</suite>
<status status="PASS" start="2025-05-20T17:14:54.771177" elapsed="260.862504"/>
</suite>
<statistics>
<total>
<stat pass="9" fail="0" skip="0">All Tests</stat>
</total>
<tag>
</tag>
<suite>
<stat name="Tests" id="s1" pass="9" fail="0" skip="0">Tests</stat>
<stat name="LoginPageTest" id="s1-s1" pass="9" fail="0" skip="0">Tests.LoginPageTest</stat>
</suite>
</statistics>
<errors>
<msg time="2025-05-20T17:16:07.638959" level="WARN">Multiple tests with name 'Validate Login with' executed in suite 'Tests.LoginPageTest'.</msg>
<msg time="2025-05-20T17:16:33.902445" level="WARN">Multiple tests with name 'Validate Login with' executed in suite 'Tests.LoginPageTest'.</msg>
<msg time="2025-05-20T17:16:56.188269" level="WARN">Multiple tests with name 'Validate Login with' executed in suite 'Tests.LoginPageTest'.</msg>
<msg time="2025-05-20T17:17:22.909889" level="WARN">Multiple tests with name 'Validate Login with' executed in suite 'Tests.LoginPageTest'.</msg>
<msg time="2025-05-20T17:17:44.641886" level="WARN">Multiple tests with name 'Validate Login with' executed in suite 'Tests.LoginPageTest'.</msg>
<msg time="2025-05-20T17:18:05.806976" level="WARN">Multiple tests with name 'Validate Login with' executed in suite 'Tests.LoginPageTest'.</msg>
<msg time="2025-05-20T17:18:26.366419" level="WARN">Multiple tests with name 'Validate Login with' executed in suite 'Tests.LoginPageTest'.</msg>
<msg time="2025-05-20T17:18:51.240046" level="WARN">Multiple tests with name 'Validate Login with' executed in suite 'Tests.LoginPageTest'.</msg>
</errors>
</robot>
