<?xml version="1.0" encoding="UTF-8"?>
<robot generator="Robot 7.2.2 (Python 3.13.3 on win32)" generated="2025-05-20T17:14:54.885809" rpa="false" schemaversion="5">
<suite id="s1" name="Tests" source="C:\Users\Lenovo\Desktop\SauceDemo-Project\Tests">
<suite id="s1-s1" name="LoginPageTest" source="C:\Users\Lenovo\Desktop\SauceDemo-Project\Tests\LoginPageTest.robot">
<doc>Tests to Login to Login Page</doc>
<status status="SKIP" start="2025-05-20T17:14:55.002643" elapsed="3.125091"/>
</suite>
<status status="SKIP" start="2025-05-20T17:14:54.959923" elapsed="3.169700"/>
</suite>
<statistics>
<total>
<stat pass="0" fail="0" skip="0">All Tests</stat>
</total>
<tag>
</tag>
<suite>
<stat name="Tests" id="s1" pass="0" fail="0" skip="0">Tests</stat>
<stat name="LoginPageTest" id="s1-s1" pass="0" fail="0" skip="0">Tests.LoginPageTest</stat>
</suite>
</statistics>
<errors>
</errors>
</robot>
